#
# A fatal error has been detected by the Java Runtime Environment:
#
#  SIGSEGV (0xb) at pc=0x00007fff20533d60, pid=29704, tid=259
#
# JRE version: OpenJDK Runtime Environment (17.0.1+12) (build 17.0.1+12-39)
# Java VM: OpenJDK 64-Bit Server VM (17.0.1+12-39, mixed mode, sharing, tiered, compressed oops, compressed class ptrs, g1 gc, bsd-amd64)
# Problematic frame:
# C  [libsystem_platform.dylib+0x3d60]  _sigtramp+0x0
#
# No core dump will be written. Core dumps have been disabled. To enable core dumping, try "ulimit -c unlimited" before starting Java again
#
# If you would like to submit a bug report, please visit:
#   https://bugreport.java.com/bugreport/crash.jsp
#

---------------  S U M M A R Y ------------

Command Line: -agentlib:jdwp=transport=dt_socket,address=127.0.0.1:56855,suspend=y,server=n -javaagent:/Users/killianvendewinkele/Library/Caches/JetBrains/IntelliJIdea2021.2/captureAgent/debugger-agent.jar -Dfile.encoding=UTF-8 --module-path=/Users/killianvendewinkele/.m2/repository/com/dlsc/formsfx/formsfx-core/11.3.2/formsfx-core-11.3.2.jar:/Users/killianvendewinkele/.m2/repository/org/openjfx/javafx-base/17.0.0.1/javafx-base-17.0.0.1-mac.jar:/Users/killianvendewinkele/.m2/repository/org/openjfx/javafx-graphics/17.0.0.1/javafx-graphics-17.0.0.1-mac.jar:/Users/killianvendewinkele/.m2/repository/org/openjfx/javafx-fxml/17.0.0.1/javafx-fxml-17.0.0.1-mac.jar:/Users/killianvendewinkele/Desktop/Pro/target/classes:/Users/killianvendewinkele/.m2/repository/org/controlsfx/controlsfx/11.1.0/controlsfx-11.1.0.jar:/Users/killianvendewinkele/.m2/repository/org/openjfx/javafx-controls/17.0.0.1/javafx-controls-17.0.0.1-mac.jar -Djdk.module.main=com.example.pro com.example.pro/com.example.pro.HelloApplication

Host: "MacBookPro14,1" x86_64 2300 MHz, 4 cores, 8G, Darwin 20.6.0, macOS 11.6 (20G165)
Time: Fri Nov 26 14:27:42 2021 CET elapsed time: 335.160771 seconds (0d 0h 5m 35s)

---------------  T H R E A D  ---------------

Current thread (0x00007fc4dd813600):  JavaThread "JavaFX Application Thread" [_thread_in_Java, id=259, stack(0x00007ffee61e0000,0x00007ffee69e0000)]

Stack: [0x00007ffee61e0000,0x00007ffee69e0000],  sp=0x00007ffee69da178,  free space=8168k
Native frames: (J=compiled Java code, j=interpreted, Vv=VM code, C=native code)
C  [libsystem_platform.dylib+0x3d60]  _sigtramp+0x0
j  java.util.HashMap.get(Ljava/lang/Object;)Ljava/lang/Object;+2 java.base@17.0.1
j  com.sun.javafx.css.StyleManager$CacheContainer.getCacheMap(Ljava/util/List;Ljava/lang/String;)Ljava/util/Map;+53 javafx.graphics
j  com.sun.javafx.css.StyleManager.findMatchingStyles(Ljavafx/scene/Node;Ljavafx/scene/SubScene;[Ljava/util/Set;)Lcom/sun/javafx/css/StyleMap;+485 javafx.graphics
j  javafx.scene.CssStyleHelper.createStyleHelper(Ljavafx/scene/Node;)Ljavafx/scene/CssStyleHelper;+35 javafx.graphics
j  javafx.scene.Node.reapplyCss()V+14 javafx.graphics
j  javafx.scene.Node.reapplyCSS()V+60 javafx.graphics
j  javafx.scene.Node.invalidatedScenes(Ljavafx/scene/Scene;Ljavafx/scene/SubScene;)V+95 javafx.graphics
j  javafx.scene.Node.setScenes(Ljavafx/scene/Scene;Ljavafx/scene/SubScene;)V+47 javafx.graphics
j  javafx.scene.Parent.scenesChanged(Ljavafx/scene/Scene;Ljavafx/scene/SubScene;Ljavafx/scene/Scene;Ljavafx/scene/SubScene;)V+64 javafx.graphics
j  javafx.scene.Node.invalidatedScenes(Ljavafx/scene/Scene;Ljavafx/scene/SubScene;)V+86 javafx.graphics
j  javafx.scene.Node.setScenes(Ljavafx/scene/Scene;Ljavafx/scene/SubScene;)V+47 javafx.graphics
j  javafx.scene.Parent.scenesChanged(Ljavafx/scene/Scene;Ljavafx/scene/SubScene;Ljavafx/scene/Scene;Ljavafx/scene/SubScene;)V+64 javafx.graphics
j  javafx.scene.Node.invalidatedScenes(Ljavafx/scene/Scene;Ljavafx/scene/SubScene;)V+86 javafx.graphics
j  javafx.scene.Node.setScenes(Ljavafx/scene/Scene;Ljavafx/scene/SubScene;)V+47 javafx.graphics
j  javafx.scene.Scene$8.invalidated()V+199 javafx.graphics
j  javafx.beans.property.ObjectPropertyBase.markInvalid()V+13 javafx.base
j  javafx.beans.property.ObjectPropertyBase.set(Ljava/lang/Object;)V+72 javafx.base
j  javafx.scene.Scene.setRoot(Ljavafx/scene/Parent;)V+5 javafx.graphics
j  javafx.scene.Scene.<init>(Ljavafx/scene/Parent;DDLjavafx/scene/paint/Paint;ZLjavafx/scene/SceneAntialiasing;)V+299 javafx.graphics
j  javafx.scene.Scene.<init>(Ljavafx/scene/Parent;)V+15 javafx.graphics
j  com.example.pro.HelloApplication.start(Ljavafx/stage/Stage;)V+26 com.example.pro
j  com.sun.javafx.application.LauncherImpl.lambda$launchApplication1$9(Ljava/util/concurrent/atomic/AtomicBoolean;Ljavafx/application/Application;)V+20 javafx.graphics
j  com.sun.javafx.application.LauncherImpl$$Lambda$110+0x0000000800c8ce00.run()V+8 javafx.graphics
j  com.sun.javafx.application.PlatformImpl.lambda$runAndWait$12(Ljava/lang/Runnable;Ljava/util/concurrent/CountDownLatch;)V+1 javafx.graphics
j  com.sun.javafx.application.PlatformImpl$$Lambda$90+0x0000000800c87388.run()V+8 javafx.graphics
j  com.sun.javafx.application.PlatformImpl.lambda$runLater$10(Ljava/lang/Runnable;)Ljava/lang/Void;+1 javafx.graphics
j  com.sun.javafx.application.PlatformImpl$$Lambda$92+0x0000000800c877d8.run()Ljava/lang/Object;+4 javafx.graphics
j  java.security.AccessController.executePrivileged(Ljava/security/PrivilegedAction;Ljava/security/AccessControlContext;Ljava/lang/Class;)Ljava/lang/Object;+29 java.base@17.0.1
j  java.security.AccessController.doPrivileged(Ljava/security/PrivilegedAction;Ljava/security/AccessControlContext;)Ljava/lang/Object;+13 java.base@17.0.1
j  com.sun.javafx.application.PlatformImpl.lambda$runLater$11(Ljava/lang/Runnable;Ljava/security/AccessControlContext;)V+7 javafx.graphics
j  com.sun.javafx.application.PlatformImpl$$Lambda$91+0x0000000800c875b0.run()V+8 javafx.graphics
j  com.sun.glass.ui.InvokeLaterDispatcher$Future.run$$$capture()V+4 javafx.graphics
j  com.sun.glass.ui.InvokeLaterDispatcher$Future.run()V+8 javafx.graphics
v  ~StubRoutines::call_stub
V  [libjvm.dylib+0x503b61]  JavaCalls::call_helper(JavaValue*, methodHandle const&, JavaCallArguments*, JavaThread*)+0x2a1
V  [libjvm.dylib+0x55d4f6]  jni_invoke_nonstatic(JNIEnv_*, JavaValue*, _jobject*, JNICallType, _jmethodID*, JNI_ArgumentPusher*, JavaThread*)+0x2d6
V  [libjvm.dylib+0x5619d6]  jni_CallVoidMethod+0x1a6
C  [libglass.dylib+0x8248]  -[GlassRunnable run]+0x58
C  [Foundation+0x80b81]  __NSThreadPerformPerform+0xcc
C  [CoreFoundation+0x802bc]  __CFRUNLOOP_IS_CALLING_OUT_TO_A_SOURCE0_PERFORM_FUNCTION__+0x11
C  [CoreFoundation+0x80224]  __CFRunLoopDoSource0+0xb4
C  [CoreFoundation+0x7ffa4]  __CFRunLoopDoSources0+0xf2
C  [CoreFoundation+0x7e9cc]  __CFRunLoopRun+0x37d
C  [CoreFoundation+0x7df8c]  CFRunLoopRunSpecific+0x233
C  [HIToolbox+0x311f3]  RunCurrentEventLoopInMode+0x124
C  [HIToolbox+0x30f55]  ReceiveNextEventCommon+0x24b
C  [HIToolbox+0x30cf3]  _BlockUntilNextEventMatchingListInModeWithFilter+0x46
C  [AppKit+0x3f172]  _DPSNextEvent+0x360
C  [AppKit+0x3d945]  -[NSApplication(NSEvent) _nextEventMatchingEventMask:untilDate:inMode:dequeue:]+0x554
C  [AppKit+0x2fc69]  -[NSApplication run]+0x24a
C  [libglass.dylib+0xa2a5]  -[GlassApplication runLoop:]+0x795
C  [Foundation+0x80b81]  __NSThreadPerformPerform+0xcc
C  [CoreFoundation+0x802bc]  __CFRUNLOOP_IS_CALLING_OUT_TO_A_SOURCE0_PERFORM_FUNCTION__+0x11
C  [CoreFoundation+0x80224]  __CFRunLoopDoSource0+0xb4
C  [CoreFoundation+0x7ffa4]  __CFRunLoopDoSources0+0xf2
C  [CoreFoundation+0x7e9cc]  __CFRunLoopRun+0x37d
C  [CoreFoundation+0x7df8c]  CFRunLoopRunSpecific+0x233
C  [libjli.dylib+0x70b2]  CreateExecutionEnvironment+0x182
C  [libjli.dylib+0x2c15]  JLI_Launch+0x585
C  [java+0x3c01]  main+0x191
C  [libdyld.dylib+0x15f3d]  start+0x1


siginfo: si_signo: 11 (SIGSEGV), si_code: 1 (SEGV_MAPERR), si_addr: 0x0000000000000008

Register to memory mapping:

RAX={method} {0x0000000800367d78} 'hash' '(Ljava/lang/Object;)I' in 'java/util/HashMap'
RBX={method} {0x0000000800367d78} 'hash' '(Ljava/lang/Object;)I' in 'java/util/HashMap'
RCX=0x00007ffee69da5a0 is pointing into the stack for thread: 0x00007fc4dd813600
RDX=0x0000000000000002 is an unknown value
RSP=0x00007ffee69da178 is pointing into the stack for thread: 0x00007fc4dd813600
RBP=0x00007ffee69da760 is pointing into the stack for thread: 0x00007fc4dd813600
RSI=0x000000000000001e is an unknown value
RDI=0x000000010c133a90: _ZL11UserHandleriPvS_+0 in /Users/killianvendewinkele/Library/Java/JavaVirtualMachines/openjdk-17.0.1/Contents/Home/lib/server/libjvm.dylib at 0x000000010b800000
R8 =0x00007ffee69da608 is pointing into the stack for thread: 0x00007fc4dd813600
R9 =0x8e96b3a12f85785b is an unknown value
R10=0x000000010c4bcc50: _ZN19TemplateInterpreter20_invoke_return_entryE+0 in /Users/killianvendewinkele/Library/Java/JavaVirtualMachines/openjdk-17.0.1/Contents/Home/lib/server/libjvm.dylib at 0x000000010b800000
R11=0x000000011c2d2920 is at entry_point+0 in (nmethod*)0x000000011c2d2790
R12=0x0 is NULL
R13=0x00007ffee69da700 is pointing into the stack for thread: 0x00007fc4dd813600
R14=0x00007ffee69da7a8 is pointing into the stack for thread: 0x00007fc4dd813600
R15=0x00007fc4dd813600 is a thread


Registers:
RAX=0x0000000800367d78, RBX=0x0000000800367d78, RCX=0x00007ffee69da5a0, RDX=0x0000000000000002
RSP=0x00007ffee69da178, RBP=0x00007ffee69da760, RSI=0x000000000000001e, RDI=0x000000010c133a90
R8 =0x00007ffee69da608, R9 =0x8e96b3a12f85785b, R10=0x000000010c4bcc50, R11=0x000000011c2d2920
R12=0x0000000000000000, R13=0x00007ffee69da700, R14=0x00007ffee69da7a8, R15=0x00007fc4dd813600
RIP=0x00007fff20533d60, EFLAGS=0x0000000000000200, ERR=0x0000000000000004
  TRAPNO=0x000000000000000e

Top of Stack: (sp=0x00007ffee69da178)
0x00007ffee69da178:   0000000131dfd5be 00007ffee69da1c8
0x00007ffee69da188:   0000000131e02588 0000000000000000
0x00007ffee69da198:   000000040000000e 0000000000000008
0x00007ffee69da1a8:   0000000800367d78 0000000800367d78
0x00007ffee69da1b8:   0000000800366c68 00000001147e4b28
0x00007ffee69da1c8:   0000000000000000 0000000000000000
0x00007ffee69da1d8:   00007ffee69da760 00007ffee69da6c0
0x00007ffee69da1e8:   0000000000007876 0000000000000000
0x00007ffee69da1f8:   000000010c4bcc50 000000011c2d2920
0x00007ffee69da208:   0000000000000000 00007ffee69da700
0x00007ffee69da218:   00007ffee69da7a8 00007fc4dd813600
0x00007ffee69da228:   000000011c2d292f 0000000000010206
0x00007ffee69da238:   000000000000002b 0000000000000000
0x00007ffee69da248:   0000000000000000 0000000000000000
0x00007ffee69da258:   000000000000037f 0000000020596174
0x00007ffee69da268:   0000000000000000 0000ffff00001fa1
0x00007ffee69da278:   000000000002cd37 000000000000ffff
0x00007ffee69da288:   0001ffffed351bef 000000000000ffff
0x00007ffee69da298:   000000000001ffff 000000000000ffff
0x00007ffee69da2a8:   0000000000000000 0000000000000000
0x00007ffee69da2b8:   0000000000000000 0000000000000000
0x00007ffee69da2c8:   00000000ff73ff84 000000000000ffff
0x00007ffee69da2d8:   0000000010451bc0 000000000000ffff
0x00007ffee69da2e8:   0000000000000000 0000000000000000
0x00007ffee69da2f8:   0000000000000000 0000000000000000
0x00007ffee69da308:   0000000000000000 0000000000000000
0x00007ffee69da318:   3ff0000000000000 0000000000000000
0x00007ffee69da328:   0000000000000000 0000000000000000
0x00007ffee69da338:   0000000000000000 0000000000000000
0x00007ffee69da348:   0000000100000001 0000000100000001
0x00007ffee69da358:   0000000d0000000d 0000000d0000000d
0x00007ffee69da368:   0000000d0000000d 0000000d0000000d 

Instructions: (pc=0x00007fff20533d60)
0x00007fff20533c60:   2f 60 0f 0b 48 8d 05 d9 3e 00 00 48 89 47 08 c7
0x00007fff20533c70:   47 10 ff ff ff ff c3 48 b8 10 00 e0 ff ff 7f 00
0x00007fff20533c80:   00 f6 40 07 40 75 27 8b 40 30 3d eb 5e 3b 57 7e
0x00007fff20533c90:   25 3d ec 5e 3b 57 74 0e 3d bc 4f ea 78 74 2d 3d
0x00007fff20533ca0:   d2 4c 5a 6b 75 1e 48 8d 05 f3 02 00 00 c3 48 8d
0x00007fff20533cb0:   05 fb 22 00 00 c3 3d 35 e8 65 1f 74 17 3d 8c b7
0x00007fff20533cc0:   90 54 74 e2 48 8d 05 35 d3 ff ff c3 48 8d 05 8d
0x00007fff20533cd0:   28 00 00 c3 48 8d 05 85 02 00 00 c3 48 b8 10 00
0x00007fff20533ce0:   e0 ff ff 7f 00 00 f6 40 07 40 75 2b 8b 48 30 48
0x00007fff20533cf0:   8d 05 2a 32 00 00 81 f9 eb 5e 3b 57 7e 21 81 f9
0x00007fff20533d00:   ec 5e 3b 57 74 10 81 f9 d2 4c 5a 6b 74 08 81 f9
0x00007fff20533d10:   bc 4f ea 78 75 19 c3 48 8d 05 b6 26 00 00 c3 81
0x00007fff20533d20:   f9 35 e8 65 1f 74 10 81 f9 8c b7 90 54 74 e7 48
0x00007fff20533d30:   8d 05 2a d7 ff ff c3 48 8d 05 42 01 00 00 c3 b9
0x00007fff20533d40:   ff ff ff ff 31 c0 f0 0f b1 0f 0f 85 11 05 00 00
0x00007fff20533d50:   c3 c7 07 00 00 00 00 c3 90 90 90 90 90 90 90 90
0x00007fff20533d60:   55 48 89 e5 48 89 f8 ff 05 bb 4d 2b 60 4c 89 c3
0x00007fff20533d70:   4d 89 cc 89 d7 48 89 ce 4c 89 c2 ff d0 ff 0d a5
0x00007fff20533d80:   4d 2b 60 48 89 df be 1e 00 00 00 4c 89 e2 e8 29
0x00007fff20533d90:   39 00 00 0f 0b c3 48 8b 07 ff 60 08 65 8b 0c 25
0x00007fff20533da0:   18 00 00 00 31 c0 f0 0f b1 4f 08 0f 85 0f 00 00
0x00007fff20533db0:   00 c3 48 8b 07 ff 60 18 c7 47 08 00 00 00 00 c3
0x00007fff20533dc0:   55 48 89 e5 41 57 41 56 41 55 41 54 53 50 48 89
0x00007fff20533dd0:   fb 65 44 8b 34 25 18 00 00 00 41 bf 04 00 00 00
0x00007fff20533de0:   41 bc 01 00 00 00 41 bd 9c ff ff ff b9 05 00 00
0x00007fff20533df0:   00 8b 43 08 85 c0 75 0a 31 c0 f0 44 0f b1 73 08
0x00007fff20533e00:   74 2f 44 39 f0 74 39 45 85 ed 44 0f 44 f9 89 c7
0x00007fff20533e10:   44 89 fe 44 89 e2 e8 a3 39 00 00 b9 05 00 00 00
0x00007fff20533e20:   31 c0 41 83 ff 05 0f 94 c0 41 01 c4 41 ff c5 eb
0x00007fff20533e30:   c0 48 83 c4 08 5b 41 5c 41 5d 41 5e 41 5f 5d c3
0x00007fff20533e40:   44 89 f7 e8 43 37 00 00 65 8b 14 25 18 00 00 00
0x00007fff20533e50:   31 c0 f0 0f b1 57 08 75 01 c3 48 83 c7 08 31 f6 


Stack slot to memory mapping:
stack at sp + 0 slots: 0x0000000131dfd5be is pointing into metadata
stack at sp + 1 slots: 0x00007ffee69da1c8 is pointing into the stack for thread: 0x00007fc4dd813600
stack at sp + 2 slots: 0x0000000131e02588 is pointing into metadata
stack at sp + 3 slots: 0x0 is NULL
stack at sp + 4 slots: 0x000000040000000e is an unknown value
stack at sp + 5 slots: 0x0000000000000008 is an unknown value
stack at sp + 6 slots: {method} {0x0000000800367d78} 'hash' '(Ljava/lang/Object;)I' in 'java/util/HashMap'
stack at sp + 7 slots: {method} {0x0000000800367d78} 'hash' '(Ljava/lang/Object;)I' in 'java/util/HashMap'


---------------  P R O C E S S  ---------------

Threads class SMR info:
_java_thread_list=0x00007fc4dd7b6fb0, length=16, elements={
0x00007fc4de008a00, 0x00007fc4de09dc00, 0x00007fc4de0a0400, 0x00007fc4dd819000,
0x00007fc4dd816000, 0x00007fc4dd819600, 0x00007fc4dd819c00, 0x00007fc4dd81a200,
0x00007fc4dd81c000, 0x00007fc4de81d800, 0x00007fc4de0a3800, 0x00007fc4de130600,
0x00007fc4e005ec00, 0x00007fc4de941000, 0x00007fc4dd813600, 0x00007fc4de8c3600
}

Java Threads: ( => current thread )
  0x00007fc4de008a00 JavaThread "main" [_thread_blocked, id=5891, stack(0x00007000093d0000,0x00007000094d0000)]
  0x00007fc4de09dc00 JavaThread "Reference Handler" daemon [_thread_blocked, id=14851, stack(0x0000700009ae5000,0x0000700009be5000)]
  0x00007fc4de0a0400 JavaThread "Finalizer" daemon [_thread_blocked, id=15363, stack(0x0000700009be8000,0x0000700009ce8000)]
  0x00007fc4dd819000 JavaThread "Signal Dispatcher" daemon [_thread_blocked, id=41987, stack(0x0000700009df1000,0x0000700009ef1000)]
  0x00007fc4dd816000 JavaThread "Service Thread" daemon [_thread_blocked, id=41475, stack(0x0000700009ef4000,0x0000700009ff4000)]
  0x00007fc4dd819600 JavaThread "Monitor Deflation Thread" daemon [_thread_blocked, id=40963, stack(0x0000700009ff7000,0x000070000a0f7000)]
  0x00007fc4dd819c00 JavaThread "C2 CompilerThread0" daemon [_thread_blocked, id=40707, stack(0x000070000a0fa000,0x000070000a1fa000)]
  0x00007fc4dd81a200 JavaThread "C1 CompilerThread0" daemon [_thread_blocked, id=23043, stack(0x000070000a1fd000,0x000070000a2fd000)]
  0x00007fc4dd81c000 JavaThread "Sweeper thread" daemon [_thread_blocked, id=40451, stack(0x000070000a300000,0x000070000a400000)]
  0x00007fc4de81d800 JavaThread "Common-Cleaner" daemon [_thread_blocked, id=40195, stack(0x000070000a403000,0x000070000a503000)]
  0x00007fc4de0a3800 JavaThread "JDWP Event Helper Thread" daemon [_thread_blocked, id=23811, stack(0x000070000a609000,0x000070000a709000)]
  0x00007fc4de130600 JavaThread "Notification Thread" daemon [_thread_blocked, id=24579, stack(0x000070000a80f000,0x000070000a90f000)]
  0x00007fc4e005ec00 JavaThread "QuantumRenderer-0" daemon [_thread_blocked, id=38147, stack(0x000070000aa15000,0x000070000ab15000)]
  0x00007fc4de941000 JavaThread "InvokeLaterDispatcher" daemon [_thread_blocked, id=33539, stack(0x000070000ae21000,0x000070000af21000)]
=>0x00007fc4dd813600 JavaThread "JavaFX Application Thread" [_thread_in_Java, id=259, stack(0x00007ffee61e0000,0x00007ffee69e0000)]
  0x00007fc4de8c3600 JavaThread "JavaFX-Launcher" [_thread_blocked, id=75271, stack(0x000070000b233000,0x000070000b333000)]

Other Threads:
  0x00007fc4dd716ed0 VMThread "VM Thread" [stack: 0x00007000099e2000,0x0000700009ae2000] [id=14339]
  0x00007fc4dd7332a0 WatcherThread [stack: 0x000070000a912000,0x000070000aa12000] [id=38659]
  0x00007fc4dd614d00 GCTaskThread "GC Thread#0" [stack: 0x00007000094d3000,0x00007000095d3000] [id=19715]
  0x00007fc4dd76fb10 GCTaskThread "GC Thread#1" [stack: 0x000070000ab18000,0x000070000ac18000] [id=34575]
  0x00007fc4dd7703d0 GCTaskThread "GC Thread#2" [stack: 0x000070000ac1b000,0x000070000ad1b000] [id=34307]
  0x00007fc4dd774340 GCTaskThread "GC Thread#3" [stack: 0x000070000ad1e000,0x000070000ae1e000] [id=33795]
  0x00007fc4dd615b10 ConcurrentGCThread "G1 Main Marker" [stack: 0x00007000095d6000,0x00007000096d6000] [id=12291]
  0x00007fc4dd616870 ConcurrentGCThread "G1 Conc#0" [stack: 0x00007000096d9000,0x00007000097d9000] [id=18691]
  0x00007fc4dd62ff00 ConcurrentGCThread "G1 Refine#0" [stack: 0x00007000097dc000,0x00007000098dc000] [id=18435]
  0x00007fc4dd6f6830 ConcurrentGCThread "G1 Refine#1" [stack: 0x000070000af24000,0x000070000b024000] [id=53511]
  0x00007fc4dd6f6b00 ConcurrentGCThread "G1 Refine#2" [stack: 0x000070000b336000,0x000070000b436000] [id=74499]
  0x00007fc4dd630c20 ConcurrentGCThread "G1 Service" [stack: 0x00007000098df000,0x00007000099df000] [id=17923]

Threads with active compile tasks:

VM state: not at safepoint (normal execution)

VM Mutex/Monitor currently owned by a thread: None

Heap address: 0x0000000780000000, size: 2048 MB, Compressed Oops mode: Zero based, Oop shift amount: 3

CDS archive(s) mapped at: [0x0000000800000000-0x0000000800bd4000-0x0000000800bd4000), size 12402688, SharedBaseAddress: 0x0000000800000000, ArchiveRelocationMode: 0.
Compressed class space mapped at: 0x0000000800c00000-0x0000000840c00000, reserved size: 1073741824
Narrow klass base: 0x0000000800000000, Narrow klass shift: 0, Narrow klass range: 0x100000000

GC Precious Log:
 CPUs: 4 total, 4 available
 Memory: 8192M
 Large Page Support: Disabled
 NUMA Support: Disabled
 Compressed Oops: Enabled (Zero based)
 Heap Region Size: 1M
 Heap Min Capacity: 8M
 Heap Initial Capacity: 128M
 Heap Max Capacity: 2G
 Pre-touch: Disabled
 Parallel Workers: 4
 Concurrent Workers: 1
 Concurrent Refinement Workers: 4
 Periodic GC: Disabled

Heap:
 garbage-first heap   total 133120K, used 14899K [0x0000000780000000, 0x0000000800000000)
  region size 1024K, 14 young (14336K), 4 survivors (4096K)
 Metaspace       used 10950K, committed 11200K, reserved 1064960K
  class space    used 1503K, committed 1600K, reserved 1048576K

Heap Regions: E=young(eden), S=young(survivor), O=old, HS=humongous(starts), HC=humongous(continues), CS=collection set, F=free, OA=open archive, CA=closed archive, TAMS=top-at-mark-start (previous, next)
|   0|0x0000000780000000, 0x0000000780097e00, 0x0000000780100000| 59%| O|  |TAMS 0x0000000780000000, 0x0000000780000000| Untracked 
|   1|0x0000000780100000, 0x0000000780100000, 0x0000000780200000|  0%| F|  |TAMS 0x0000000780100000, 0x0000000780100000| Untracked 
|   2|0x0000000780200000, 0x0000000780200000, 0x0000000780300000|  0%| F|  |TAMS 0x0000000780200000, 0x0000000780200000| Untracked 
|   3|0x0000000780300000, 0x0000000780300000, 0x0000000780400000|  0%| F|  |TAMS 0x0000000780300000, 0x0000000780300000| Untracked 
|   4|0x0000000780400000, 0x0000000780400000, 0x0000000780500000|  0%| F|  |TAMS 0x0000000780400000, 0x0000000780400000| Untracked 
|   5|0x0000000780500000, 0x0000000780500000, 0x0000000780600000|  0%| F|  |TAMS 0x0000000780500000, 0x0000000780500000| Untracked 
|   6|0x0000000780600000, 0x0000000780600000, 0x0000000780700000|  0%| F|  |TAMS 0x0000000780600000, 0x0000000780600000| Untracked 
|   7|0x0000000780700000, 0x0000000780700000, 0x0000000780800000|  0%| F|  |TAMS 0x0000000780700000, 0x0000000780700000| Untracked 
|   8|0x0000000780800000, 0x0000000780800000, 0x0000000780900000|  0%| F|  |TAMS 0x0000000780800000, 0x0000000780800000| Untracked 
|   9|0x0000000780900000, 0x0000000780900000, 0x0000000780a00000|  0%| F|  |TAMS 0x0000000780900000, 0x0000000780900000| Untracked 
|  10|0x0000000780a00000, 0x0000000780a00000, 0x0000000780b00000|  0%| F|  |TAMS 0x0000000780a00000, 0x0000000780a00000| Untracked 
|  11|0x0000000780b00000, 0x0000000780b00000, 0x0000000780c00000|  0%| F|  |TAMS 0x0000000780b00000, 0x0000000780b00000| Untracked 
|  12|0x0000000780c00000, 0x0000000780c00000, 0x0000000780d00000|  0%| F|  |TAMS 0x0000000780c00000, 0x0000000780c00000| Untracked 
|  13|0x0000000780d00000, 0x0000000780d00000, 0x0000000780e00000|  0%| F|  |TAMS 0x0000000780d00000, 0x0000000780d00000| Untracked 
|  14|0x0000000780e00000, 0x0000000780e00000, 0x0000000780f00000|  0%| F|  |TAMS 0x0000000780e00000, 0x0000000780e00000| Untracked 
|  15|0x0000000780f00000, 0x0000000780f00000, 0x0000000781000000|  0%| F|  |TAMS 0x0000000780f00000, 0x0000000780f00000| Untracked 
|  16|0x0000000781000000, 0x0000000781000000, 0x0000000781100000|  0%| F|  |TAMS 0x0000000781000000, 0x0000000781000000| Untracked 
|  17|0x0000000781100000, 0x0000000781100000, 0x0000000781200000|  0%| F|  |TAMS 0x0000000781100000, 0x0000000781100000| Untracked 
|  18|0x0000000781200000, 0x0000000781200000, 0x0000000781300000|  0%| F|  |TAMS 0x0000000781200000, 0x0000000781200000| Untracked 
|  19|0x0000000781300000, 0x0000000781300000, 0x0000000781400000|  0%| F|  |TAMS 0x0000000781300000, 0x0000000781300000| Untracked 
|  20|0x0000000781400000, 0x0000000781400000, 0x0000000781500000|  0%| F|  |TAMS 0x0000000781400000, 0x0000000781400000| Untracked 
|  21|0x0000000781500000, 0x0000000781500000, 0x0000000781600000|  0%| F|  |TAMS 0x0000000781500000, 0x0000000781500000| Untracked 
|  22|0x0000000781600000, 0x0000000781600000, 0x0000000781700000|  0%| F|  |TAMS 0x0000000781600000, 0x0000000781600000| Untracked 
|  23|0x0000000781700000, 0x0000000781700000, 0x0000000781800000|  0%| F|  |TAMS 0x0000000781700000, 0x0000000781700000| Untracked 
|  24|0x0000000781800000, 0x0000000781800000, 0x0000000781900000|  0%| F|  |TAMS 0x0000000781800000, 0x0000000781800000| Untracked 
|  25|0x0000000781900000, 0x0000000781900000, 0x0000000781a00000|  0%| F|  |TAMS 0x0000000781900000, 0x0000000781900000| Untracked 
|  26|0x0000000781a00000, 0x0000000781a00000, 0x0000000781b00000|  0%| F|  |TAMS 0x0000000781a00000, 0x0000000781a00000| Untracked 
|  27|0x0000000781b00000, 0x0000000781b00000, 0x0000000781c00000|  0%| F|  |TAMS 0x0000000781b00000, 0x0000000781b00000| Untracked 
|  28|0x0000000781c00000, 0x0000000781c00000, 0x0000000781d00000|  0%| F|  |TAMS 0x0000000781c00000, 0x0000000781c00000| Untracked 
|  29|0x0000000781d00000, 0x0000000781d00000, 0x0000000781e00000|  0%| F|  |TAMS 0x0000000781d00000, 0x0000000781d00000| Untracked 
|  30|0x0000000781e00000, 0x0000000781e00000, 0x0000000781f00000|  0%| F|  |TAMS 0x0000000781e00000, 0x0000000781e00000| Untracked 
|  31|0x0000000781f00000, 0x0000000781f00000, 0x0000000782000000|  0%| F|  |TAMS 0x0000000781f00000, 0x0000000781f00000| Untracked 
|  32|0x0000000782000000, 0x0000000782000000, 0x0000000782100000|  0%| F|  |TAMS 0x0000000782000000, 0x0000000782000000| Untracked 
|  33|0x0000000782100000, 0x0000000782100000, 0x0000000782200000|  0%| F|  |TAMS 0x0000000782100000, 0x0000000782100000| Untracked 
|  34|0x0000000782200000, 0x0000000782200000, 0x0000000782300000|  0%| F|  |TAMS 0x0000000782200000, 0x0000000782200000| Untracked 
|  35|0x0000000782300000, 0x0000000782300000, 0x0000000782400000|  0%| F|  |TAMS 0x0000000782300000, 0x0000000782300000| Untracked 
|  36|0x0000000782400000, 0x0000000782400000, 0x0000000782500000|  0%| F|  |TAMS 0x0000000782400000, 0x0000000782400000| Untracked 
|  37|0x0000000782500000, 0x0000000782500000, 0x0000000782600000|  0%| F|  |TAMS 0x0000000782500000, 0x0000000782500000| Untracked 
|  38|0x0000000782600000, 0x0000000782600000, 0x0000000782700000|  0%| F|  |TAMS 0x0000000782600000, 0x0000000782600000| Untracked 
|  39|0x0000000782700000, 0x0000000782700000, 0x0000000782800000|  0%| F|  |TAMS 0x0000000782700000, 0x0000000782700000| Untracked 
|  40|0x0000000782800000, 0x0000000782800000, 0x0000000782900000|  0%| F|  |TAMS 0x0000000782800000, 0x0000000782800000| Untracked 
|  41|0x0000000782900000, 0x0000000782900000, 0x0000000782a00000|  0%| F|  |TAMS 0x0000000782900000, 0x0000000782900000| Untracked 
|  42|0x0000000782a00000, 0x0000000782a00000, 0x0000000782b00000|  0%| F|  |TAMS 0x0000000782a00000, 0x0000000782a00000| Untracked 
|  43|0x0000000782b00000, 0x0000000782b00000, 0x0000000782c00000|  0%| F|  |TAMS 0x0000000782b00000, 0x0000000782b00000| Untracked 
|  44|0x0000000782c00000, 0x0000000782c00000, 0x0000000782d00000|  0%| F|  |TAMS 0x0000000782c00000, 0x0000000782c00000| Untracked 
|  45|0x0000000782d00000, 0x0000000782d00000, 0x0000000782e00000|  0%| F|  |TAMS 0x0000000782d00000, 0x0000000782d00000| Untracked 
|  46|0x0000000782e00000, 0x0000000782e00000, 0x0000000782f00000|  0%| F|  |TAMS 0x0000000782e00000, 0x0000000782e00000| Untracked 
|  47|0x0000000782f00000, 0x0000000782f00000, 0x0000000783000000|  0%| F|  |TAMS 0x0000000782f00000, 0x0000000782f00000| Untracked 
|  48|0x0000000783000000, 0x0000000783000000, 0x0000000783100000|  0%| F|  |TAMS 0x0000000783000000, 0x0000000783000000| Untracked 
|  49|0x0000000783100000, 0x0000000783100000, 0x0000000783200000|  0%| F|  |TAMS 0x0000000783100000, 0x0000000783100000| Untracked 
|  50|0x0000000783200000, 0x0000000783200000, 0x0000000783300000|  0%| F|  |TAMS 0x0000000783200000, 0x0000000783200000| Untracked 
|  51|0x0000000783300000, 0x0000000783300000, 0x0000000783400000|  0%| F|  |TAMS 0x0000000783300000, 0x0000000783300000| Untracked 
|  52|0x0000000783400000, 0x0000000783400000, 0x0000000783500000|  0%| F|  |TAMS 0x0000000783400000, 0x0000000783400000| Untracked 
|  53|0x0000000783500000, 0x0000000783500000, 0x0000000783600000|  0%| F|  |TAMS 0x0000000783500000, 0x0000000783500000| Untracked 
|  54|0x0000000783600000, 0x0000000783600000, 0x0000000783700000|  0%| F|  |TAMS 0x0000000783600000, 0x0000000783600000| Untracked 
|  55|0x0000000783700000, 0x0000000783700000, 0x0000000783800000|  0%| F|  |TAMS 0x0000000783700000, 0x0000000783700000| Untracked 
|  56|0x0000000783800000, 0x0000000783800000, 0x0000000783900000|  0%| F|  |TAMS 0x0000000783800000, 0x0000000783800000| Untracked 
|  57|0x0000000783900000, 0x0000000783900000, 0x0000000783a00000|  0%| F|  |TAMS 0x0000000783900000, 0x0000000783900000| Untracked 
|  58|0x0000000783a00000, 0x0000000783a00000, 0x0000000783b00000|  0%| F|  |TAMS 0x0000000783a00000, 0x0000000783a00000| Untracked 
|  59|0x0000000783b00000, 0x0000000783b00000, 0x0000000783c00000|  0%| F|  |TAMS 0x0000000783b00000, 0x0000000783b00000| Untracked 
|  60|0x0000000783c00000, 0x0000000783c00000, 0x0000000783d00000|  0%| F|  |TAMS 0x0000000783c00000, 0x0000000783c00000| Untracked 
|  61|0x0000000783d00000, 0x0000000783d00000, 0x0000000783e00000|  0%| F|  |TAMS 0x0000000783d00000, 0x0000000783d00000| Untracked 
|  62|0x0000000783e00000, 0x0000000783e00000, 0x0000000783f00000|  0%| F|  |TAMS 0x0000000783e00000, 0x0000000783e00000| Untracked 
|  63|0x0000000783f00000, 0x0000000783f00000, 0x0000000784000000|  0%| F|  |TAMS 0x0000000783f00000, 0x0000000783f00000| Untracked 
|  64|0x0000000784000000, 0x0000000784000000, 0x0000000784100000|  0%| F|  |TAMS 0x0000000784000000, 0x0000000784000000| Untracked 
|  65|0x0000000784100000, 0x0000000784100000, 0x0000000784200000|  0%| F|  |TAMS 0x0000000784100000, 0x0000000784100000| Untracked 
|  66|0x0000000784200000, 0x0000000784200000, 0x0000000784300000|  0%| F|  |TAMS 0x0000000784200000, 0x0000000784200000| Untracked 
|  67|0x0000000784300000, 0x0000000784300000, 0x0000000784400000|  0%| F|  |TAMS 0x0000000784300000, 0x0000000784300000| Untracked 
|  68|0x0000000784400000, 0x0000000784400000, 0x0000000784500000|  0%| F|  |TAMS 0x0000000784400000, 0x0000000784400000| Untracked 
|  69|0x0000000784500000, 0x0000000784500000, 0x0000000784600000|  0%| F|  |TAMS 0x0000000784500000, 0x0000000784500000| Untracked 
|  70|0x0000000784600000, 0x0000000784600000, 0x0000000784700000|  0%| F|  |TAMS 0x0000000784600000, 0x0000000784600000| Untracked 
|  71|0x0000000784700000, 0x0000000784700000, 0x0000000784800000|  0%| F|  |TAMS 0x0000000784700000, 0x0000000784700000| Untracked 
|  72|0x0000000784800000, 0x0000000784800000, 0x0000000784900000|  0%| F|  |TAMS 0x0000000784800000, 0x0000000784800000| Untracked 
|  73|0x0000000784900000, 0x0000000784900000, 0x0000000784a00000|  0%| F|  |TAMS 0x0000000784900000, 0x0000000784900000| Untracked 
|  74|0x0000000784a00000, 0x0000000784a00000, 0x0000000784b00000|  0%| F|  |TAMS 0x0000000784a00000, 0x0000000784a00000| Untracked 
|  75|0x0000000784b00000, 0x0000000784b00000, 0x0000000784c00000|  0%| F|  |TAMS 0x0000000784b00000, 0x0000000784b00000| Untracked 
|  76|0x0000000784c00000, 0x0000000784c00000, 0x0000000784d00000|  0%| F|  |TAMS 0x0000000784c00000, 0x0000000784c00000| Untracked 
|  77|0x0000000784d00000, 0x0000000784d00000, 0x0000000784e00000|  0%| F|  |TAMS 0x0000000784d00000, 0x0000000784d00000| Untracked 
|  78|0x0000000784e00000, 0x0000000784e00000, 0x0000000784f00000|  0%| F|  |TAMS 0x0000000784e00000, 0x0000000784e00000| Untracked 
|  79|0x0000000784f00000, 0x0000000784f00000, 0x0000000785000000|  0%| F|  |TAMS 0x0000000784f00000, 0x0000000784f00000| Untracked 
|  80|0x0000000785000000, 0x0000000785000000, 0x0000000785100000|  0%| F|  |TAMS 0x0000000785000000, 0x0000000785000000| Untracked 
|  81|0x0000000785100000, 0x0000000785100000, 0x0000000785200000|  0%| F|  |TAMS 0x0000000785100000, 0x0000000785100000| Untracked 
|  82|0x0000000785200000, 0x0000000785200000, 0x0000000785300000|  0%| F|  |TAMS 0x0000000785200000, 0x0000000785200000| Untracked 
|  83|0x0000000785300000, 0x0000000785300000, 0x0000000785400000|  0%| F|  |TAMS 0x0000000785300000, 0x0000000785300000| Untracked 
|  84|0x0000000785400000, 0x0000000785400000, 0x0000000785500000|  0%| F|  |TAMS 0x0000000785400000, 0x0000000785400000| Untracked 
|  85|0x0000000785500000, 0x0000000785500000, 0x0000000785600000|  0%| F|  |TAMS 0x0000000785500000, 0x0000000785500000| Untracked 
|  86|0x0000000785600000, 0x0000000785600000, 0x0000000785700000|  0%| F|  |TAMS 0x0000000785600000, 0x0000000785600000| Untracked 
|  87|0x0000000785700000, 0x0000000785700000, 0x0000000785800000|  0%| F|  |TAMS 0x0000000785700000, 0x0000000785700000| Untracked 
|  88|0x0000000785800000, 0x0000000785800000, 0x0000000785900000|  0%| F|  |TAMS 0x0000000785800000, 0x0000000785800000| Untracked 
|  89|0x0000000785900000, 0x0000000785900000, 0x0000000785a00000|  0%| F|  |TAMS 0x0000000785900000, 0x0000000785900000| Untracked 
|  90|0x0000000785a00000, 0x0000000785a00000, 0x0000000785b00000|  0%| F|  |TAMS 0x0000000785a00000, 0x0000000785a00000| Untracked 
|  91|0x0000000785b00000, 0x0000000785b00000, 0x0000000785c00000|  0%| F|  |TAMS 0x0000000785b00000, 0x0000000785b00000| Untracked 
|  92|0x0000000785c00000, 0x0000000785c00000, 0x0000000785d00000|  0%| F|  |TAMS 0x0000000785c00000, 0x0000000785c00000| Untracked 
|  93|0x0000000785d00000, 0x0000000785d00000, 0x0000000785e00000|  0%| F|  |TAMS 0x0000000785d00000, 0x0000000785d00000| Untracked 
|  94|0x0000000785e00000, 0x0000000785e00000, 0x0000000785f00000|  0%| F|  |TAMS 0x0000000785e00000, 0x0000000785e00000| Untracked 
|  95|0x0000000785f00000, 0x0000000785f00000, 0x0000000786000000|  0%| F|  |TAMS 0x0000000785f00000, 0x0000000785f00000| Untracked 
|  96|0x0000000786000000, 0x0000000786000000, 0x0000000786100000|  0%| F|  |TAMS 0x0000000786000000, 0x0000000786000000| Untracked 
|  97|0x0000000786100000, 0x0000000786100000, 0x0000000786200000|  0%| F|  |TAMS 0x0000000786100000, 0x0000000786100000| Untracked 
|  98|0x0000000786200000, 0x0000000786200000, 0x0000000786300000|  0%| F|  |TAMS 0x0000000786200000, 0x0000000786200000| Untracked 
|  99|0x0000000786300000, 0x0000000786400000, 0x0000000786400000|100%| S|CS|TAMS 0x0000000786300000, 0x0000000786300000| Complete 
| 100|0x0000000786400000, 0x0000000786500000, 0x0000000786500000|100%| S|CS|TAMS 0x0000000786400000, 0x0000000786400000| Complete 
| 101|0x0000000786500000, 0x0000000786600000, 0x0000000786600000|100%| S|CS|TAMS 0x0000000786500000, 0x0000000786500000| Complete 
| 102|0x0000000786600000, 0x0000000786700000, 0x0000000786700000|100%| S|CS|TAMS 0x0000000786600000, 0x0000000786600000| Complete 
| 103|0x0000000786700000, 0x0000000786700000, 0x0000000786800000|  0%| F|  |TAMS 0x0000000786700000, 0x0000000786700000| Untracked 
| 104|0x0000000786800000, 0x0000000786800000, 0x0000000786900000|  0%| F|  |TAMS 0x0000000786800000, 0x0000000786800000| Untracked 
| 105|0x0000000786900000, 0x0000000786900000, 0x0000000786a00000|  0%| F|  |TAMS 0x0000000786900000, 0x0000000786900000| Untracked 
| 106|0x0000000786a00000, 0x0000000786a00000, 0x0000000786b00000|  0%| F|  |TAMS 0x0000000786a00000, 0x0000000786a00000| Untracked 
| 107|0x0000000786b00000, 0x0000000786b00000, 0x0000000786c00000|  0%| F|  |TAMS 0x0000000786b00000, 0x0000000786b00000| Untracked 
| 108|0x0000000786c00000, 0x0000000786c00000, 0x0000000786d00000|  0%| F|  |TAMS 0x0000000786c00000, 0x0000000786c00000| Untracked 
| 109|0x0000000786d00000, 0x0000000786d00000, 0x0000000786e00000|  0%| F|  |TAMS 0x0000000786d00000, 0x0000000786d00000| Untracked 
| 110|0x0000000786e00000, 0x0000000786e00000, 0x0000000786f00000|  0%| F|  |TAMS 0x0000000786e00000, 0x0000000786e00000| Untracked 
| 111|0x0000000786f00000, 0x0000000786f00000, 0x0000000787000000|  0%| F|  |TAMS 0x0000000786f00000, 0x0000000786f00000| Untracked 
| 112|0x0000000787000000, 0x0000000787000000, 0x0000000787100000|  0%| F|  |TAMS 0x0000000787000000, 0x0000000787000000| Untracked 
| 113|0x0000000787100000, 0x0000000787100000, 0x0000000787200000|  0%| F|  |TAMS 0x0000000787100000, 0x0000000787100000| Untracked 
| 114|0x0000000787200000, 0x0000000787200000, 0x0000000787300000|  0%| F|  |TAMS 0x0000000787200000, 0x0000000787200000| Untracked 
| 115|0x0000000787300000, 0x0000000787300000, 0x0000000787400000|  0%| F|  |TAMS 0x0000000787300000, 0x0000000787300000| Untracked 
| 116|0x0000000787400000, 0x0000000787400000, 0x0000000787500000|  0%| F|  |TAMS 0x0000000787400000, 0x0000000787400000| Untracked 
| 117|0x0000000787500000, 0x0000000787500000, 0x0000000787600000|  0%| F|  |TAMS 0x0000000787500000, 0x0000000787500000| Untracked 
| 118|0x0000000787600000, 0x0000000787682090, 0x0000000787700000| 50%| E|  |TAMS 0x0000000787600000, 0x0000000787600000| Complete 
| 119|0x0000000787700000, 0x0000000787800000, 0x0000000787800000|100%| E|CS|TAMS 0x0000000787700000, 0x0000000787700000| Complete 
| 120|0x0000000787800000, 0x0000000787900000, 0x0000000787900000|100%| E|CS|TAMS 0x0000000787800000, 0x0000000787800000| Complete 
| 121|0x0000000787900000, 0x0000000787a00000, 0x0000000787a00000|100%| E|CS|TAMS 0x0000000787900000, 0x0000000787900000| Complete 
| 122|0x0000000787a00000, 0x0000000787b00000, 0x0000000787b00000|100%| E|CS|TAMS 0x0000000787a00000, 0x0000000787a00000| Complete 
| 123|0x0000000787b00000, 0x0000000787c00000, 0x0000000787c00000|100%| E|CS|TAMS 0x0000000787b00000, 0x0000000787b00000| Complete 
| 124|0x0000000787c00000, 0x0000000787d00000, 0x0000000787d00000|100%| E|CS|TAMS 0x0000000787c00000, 0x0000000787c00000| Complete 
| 125|0x0000000787d00000, 0x0000000787e00000, 0x0000000787e00000|100%| E|CS|TAMS 0x0000000787d00000, 0x0000000787d00000| Complete 
| 126|0x0000000787e00000, 0x0000000787f00000, 0x0000000787f00000|100%| E|CS|TAMS 0x0000000787e00000, 0x0000000787e00000| Complete 
| 127|0x0000000787f00000, 0x0000000788000000, 0x0000000788000000|100%| E|CS|TAMS 0x0000000787f00000, 0x0000000787f00000| Complete 
|2046|0x00000007ffe00000, 0x00000007ffe76000, 0x00000007fff00000| 46%|OA|  |TAMS 0x00000007ffe00000, 0x00000007ffe00000| Untracked 
|2047|0x00000007fff00000, 0x00000007fff7f000, 0x0000000800000000| 49%|CA|  |TAMS 0x00000007fff00000, 0x00000007fff00000| Untracked 

Card table byte_map: [0x00000001237db000,0x0000000123bdb000] _byte_map_base: 0x000000011fbdb000

Marking Bits (Prev, Next): (CMBitMap*) 0x00007fc4de02b010, (CMBitMap*) 0x00007fc4de02b050
 Prev Bits: [0x0000000123fdb000, 0x0000000125fdb000)
 Next Bits: [0x0000000125fdb000, 0x0000000127fdb000)

Polling page: 0x000000010926e000

Metaspace:

Usage:
  Non-class:      9.23 MB used.
      Class:      1.47 MB used.
       Both:     10.69 MB used.

Virtual space:
  Non-class space:       16.00 MB reserved,       9.38 MB ( 59%) committed,  2 nodes.
      Class space:        1.00 GB reserved,       1.56 MB ( <1%) committed,  1 nodes.
             Both:        1.02 GB reserved,      10.94 MB (  1%) committed. 

Chunk freelists:
   Non-Class:  1.98 MB
       Class:  2.31 MB
        Both:  4.30 MB

MaxMetaspaceSize: unlimited
CompressedClassSpaceSize: 1.00 GB
Initial GC threshold: 21.00 MB
Current GC threshold: 21.00 MB
CDS: on
MetaspaceReclaimPolicy: balanced
 - commit_granule_bytes: 65536.
 - commit_granule_words: 8192.
 - virtual_space_node_default_size: 1048576.
 - enlarge_chunks_in_place: 1.
 - new_chunks_are_fully_committed: 0.
 - uncommit_free_chunks: 1.
 - use_allocation_guard: 0.
 - handle_deallocations: 1.


Internal statistics:

num_allocs_failed_limit: 0.
num_arena_births: 202.
num_arena_deaths: 0.
num_vsnodes_births: 3.
num_vsnodes_deaths: 0.
num_space_committed: 175.
num_space_uncommitted: 0.
num_chunks_returned_to_freelist: 0.
num_chunks_taken_from_freelist: 552.
num_chunk_merges: 0.
num_chunk_splits: 371.
num_chunks_enlarged: 259.
num_purges: 0.
num_inconsistent_stats: 0.

CodeHeap 'non-profiled nmethods': size=120032Kb used=409Kb max_used=409Kb free=119622Kb
 bounds [0x000000011c2a3000, 0x000000011c513000, 0x00000001237db000]
CodeHeap 'profiled nmethods': size=120028Kb used=2668Kb max_used=2668Kb free=117359Kb
 bounds [0x0000000114d6c000, 0x000000011500c000, 0x000000011c2a3000]
CodeHeap 'non-nmethods': size=5700Kb used=1319Kb max_used=1334Kb free=4380Kb
 bounds [0x00000001147db000, 0x0000000114a4b000, 0x0000000114d6c000]
 total_blobs=2029 nmethods=1440 adapters=503
 compilation: enabled
              stopped_count=0, restarted_count=0
 full_count=0

Compilation events (20 events):
Event: 335.133 Thread 0x00007fc4dd81a200 1431       3       com.sun.javafx.css.StyleClassSet::containsAll (6 bytes)
Event: 335.133 Thread 0x00007fc4dd81a200 nmethod 1431 0x0000000115000b90 code [0x0000000115000d40, 0x0000000115000e80]
Event: 335.133 Thread 0x00007fc4dd81a200 1432       3       com.sun.javafx.css.BitSet::containsAll (103 bytes)
Event: 335.134 Thread 0x00007fc4dd81a200 nmethod 1432 0x0000000115000f10 code [0x0000000115001100, 0x0000000115001690]
Event: 335.136 Thread 0x00007fc4dd81a200 1433       3       java.lang.invoke.TypeConvertingMethodAdapter::convertType (299 bytes)
Event: 335.138 Thread 0x00007fc4dd81a200 nmethod 1433 0x0000000115001890 code [0x0000000115001ec0, 0x0000000115005540]
Event: 335.139 Thread 0x00007fc4dd819c00 1434       4       java.util.zip.ZipFile::ensureOpen (40 bytes)
Event: 335.140 Thread 0x00007fc4dd819c00 nmethod 1434 0x000000011c308490 code [0x000000011c308620, 0x000000011c3086f8]
Event: 335.145 Thread 0x00007fc4dd819c00 1435       4       java.lang.AbstractStringBuilder::<init> (39 bytes)
Event: 335.147 Thread 0x00007fc4dd819c00 nmethod 1435 0x000000011c308810 code [0x000000011c3089a0, 0x000000011c308c18]
Event: 335.147 Thread 0x00007fc4dd81a200 1436       3       javafx.beans.property.ObjectPropertyBase::isBound (13 bytes)
Event: 335.148 Thread 0x00007fc4dd81a200 nmethod 1436 0x0000000115006910 code [0x0000000115006aa0, 0x0000000115006c10]
Event: 335.148 Thread 0x00007fc4dd81a200 1437       1       javafx.css.Selector::getOrdinal (5 bytes)
Event: 335.148 Thread 0x00007fc4dd81a200 nmethod 1437 0x000000011c308d10 code [0x000000011c308ea0, 0x000000011c308f70]
Event: 335.148 Thread 0x00007fc4dd81a200 1438       1       javafx.scene.Node::getStyleClass (5 bytes)
Event: 335.148 Thread 0x00007fc4dd81a200 nmethod 1438 0x000000011c309010 code [0x000000011c3091a0, 0x000000011c309270]
Event: 335.151 Thread 0x00007fc4dd81a200 1439       1       javafx.css.CssMetaData::getProperty (5 bytes)
Event: 335.151 Thread 0x00007fc4dd81a200 nmethod 1439 0x000000011c309310 code [0x000000011c3094a0, 0x000000011c309570]
Event: 335.151 Thread 0x00007fc4dd81a200 1440       3       java.util.HashMap::put (13 bytes)
Event: 335.151 Thread 0x00007fc4dd81a200 nmethod 1440 0x0000000115006c90 code [0x0000000115006e60, 0x0000000115007150]

GC Heap History (4 events):
Event: 0.542 GC heap before
{Heap before GC invocations=0 (full 0):
 garbage-first heap   total 133120K, used 14292K [0x0000000780000000, 0x0000000800000000)
  region size 1024K, 13 young (13312K), 0 survivors (0K)
 Metaspace       used 3203K, committed 3392K, reserved 1056768K
  class space    used 346K, committed 448K, reserved 1048576K
}
Event: 0.545 GC heap after
{Heap after GC invocations=1 (full 0):
 garbage-first heap   total 133120K, used 2548K [0x0000000780000000, 0x0000000800000000)
  region size 1024K, 2 young (2048K), 2 survivors (2048K)
 Metaspace       used 3203K, committed 3392K, reserved 1056768K
  class space    used 346K, committed 448K, reserved 1048576K
}
Event: 1.179 GC heap before
{Heap before GC invocations=1 (full 0):
 garbage-first heap   total 133120K, used 25076K [0x0000000780000000, 0x0000000800000000)
  region size 1024K, 25 young (25600K), 2 survivors (2048K)
 Metaspace       used 9047K, committed 9280K, reserved 1064960K
  class space    used 1163K, committed 1280K, reserved 1048576K
}
Event: 1.184 GC heap after
{Heap after GC invocations=2 (full 0):
 garbage-first heap   total 133120K, used 5683K [0x0000000780000000, 0x0000000800000000)
  region size 1024K, 4 young (4096K), 4 survivors (4096K)
 Metaspace       used 9047K, committed 9280K, reserved 1064960K
  class space    used 1163K, committed 1280K, reserved 1048576K
}

Deoptimization events (20 events):
Event: 335.100 Thread 0x00007fc4dd813600 Uncommon trap: trap_request=0xffffffbe fr.pc=0x000000011c2fe540 relative=0x0000000000000780
Event: 335.100 Thread 0x00007fc4dd813600 Uncommon trap: reason=profile_predicate action=maybe_recompile pc=0x000000011c2fe540 method=java.lang.PublicMethods$MethodList.filter([Ljava/lang/reflect/Method;Ljava/lang/String;[Ljava/lang/Class;Z)Ljava/lang/PublicMethods$MethodList; @ 21 c2
Event: 335.100 Thread 0x00007fc4dd813600 DEOPT PACKING pc=0x000000011c2fe540 sp=0x00007ffee69dacf0
Event: 335.100 Thread 0x00007fc4dd813600 DEOPT UNPACKING pc=0x000000011482d099 sp=0x00007ffee69dacb8 mode 2
Event: 335.109 Thread 0x00007fc4dd813600 Uncommon trap: trap_request=0xffffffbe fr.pc=0x000000011c2fe540 relative=0x0000000000000780
Event: 335.109 Thread 0x00007fc4dd813600 Uncommon trap: reason=profile_predicate action=maybe_recompile pc=0x000000011c2fe540 method=java.lang.PublicMethods$MethodList.filter([Ljava/lang/reflect/Method;Ljava/lang/String;[Ljava/lang/Class;Z)Ljava/lang/PublicMethods$MethodList; @ 21 c2
Event: 335.109 Thread 0x00007fc4dd813600 DEOPT PACKING pc=0x000000011c2fe540 sp=0x00007ffee69dabf0
Event: 335.109 Thread 0x00007fc4dd813600 DEOPT UNPACKING pc=0x000000011482d099 sp=0x00007ffee69dabb8 mode 2
Event: 335.132 Thread 0x00007fc4dd813600 Uncommon trap: trap_request=0xffffff45 fr.pc=0x000000011c2e48fc relative=0x00000000000000dc
Event: 335.132 Thread 0x00007fc4dd813600 Uncommon trap: reason=unstable_if action=reinterpret pc=0x000000011c2e48fc method=java.util.HashMap.hash(Ljava/lang/Object;)I @ 1 c2
Event: 335.132 Thread 0x00007fc4dd813600 DEOPT PACKING pc=0x000000011c2e48fc sp=0x00007ffee69da940
Event: 335.132 Thread 0x00007fc4dd813600 DEOPT UNPACKING pc=0x000000011482d099 sp=0x00007ffee69da8b0 mode 2
Event: 335.147 Thread 0x00007fc4dd813600 Uncommon trap: trap_request=0xffffff45 fr.pc=0x000000011c2f15ec relative=0x000000000000072c
Event: 335.147 Thread 0x00007fc4dd813600 Uncommon trap: reason=unstable_if action=reinterpret pc=0x000000011c2f15ec method=java.util.HashMap.hash(Ljava/lang/Object;)I @ 1 c2
Event: 335.147 Thread 0x00007fc4dd813600 DEOPT PACKING pc=0x000000011c2f15ec sp=0x00007ffee69da910
Event: 335.147 Thread 0x00007fc4dd813600 DEOPT UNPACKING pc=0x000000011482d099 sp=0x00007ffee69da818 mode 2
Event: 335.148 Thread 0x00007fc4dd813600 Uncommon trap: trap_request=0xffffff45 fr.pc=0x000000011c2ef4b8 relative=0x0000000000000678
Event: 335.148 Thread 0x00007fc4dd813600 Uncommon trap: reason=unstable_if action=reinterpret pc=0x000000011c2ef4b8 method=java.util.HashMap.hash(Ljava/lang/Object;)I @ 1 c2
Event: 335.148 Thread 0x00007fc4dd813600 DEOPT PACKING pc=0x000000011c2ef4b8 sp=0x00007ffee69da710
Event: 335.148 Thread 0x00007fc4dd813600 DEOPT UNPACKING pc=0x000000011482d099 sp=0x00007ffee69da678 mode 2

Classes unloaded (0 events):
No events

Classes redefined (0 events):
No events

Internal exceptions (20 events):
Event: 0.135 Thread 0x00007fc4de008a00 Exception <a 'java/lang/NoSuchMethodError'{0x0000000787d43bf8}: 'void java.lang.invoke.DirectMethodHandle$Holder.invokeSpecial(java.lang.Object, java.lang.Object, java.lang.Object)'> (0x0000000787d43bf8) 
thrown [open/src/hotspot/share/interpreter/linkResolver.cpp, line 766]
Event: 0.205 Thread 0x00007fc4de008a00 Implicit null exception at 0x000000011c2b6755 to 0x000000011c2b68c0
Event: 0.240 Thread 0x00007fc4de008a00 Exception <a 'java/lang/NoSuchMethodError'{0x0000000787abe918}: 'java.lang.Object java.lang.invoke.DirectMethodHandle$Holder.invokeStaticInit(java.lang.Object)'> (0x0000000787abe918) 
thrown [open/src/hotspot/share/interpreter/linkResolver.cpp, line 766]
Event: 0.247 Thread 0x00007fc4de008a00 Exception <a 'java/lang/NoSuchMethodError'{0x0000000787ae9548}: 'void java.lang.invoke.DirectMethodHandle$Holder.invokeStatic(java.lang.Object, java.lang.Object)'> (0x0000000787ae9548) 
thrown [open/src/hotspot/share/interpreter/linkResolver.cpp, line 766]
Event: 0.330 Thread 0x00007fc4de008a00 Exception <a 'java/lang/NoSuchMethodError'{0x0000000787659a30}: 'void java.lang.invoke.DirectMethodHandle$Holder.invokeStatic(java.lang.Object, java.lang.Object, java.lang.Object)'> (0x0000000787659a30) 
thrown [open/src/hotspot/share/interpreter/linkResolver.cpp, line 766]
Event: 0.511 Thread 0x00007fc4de008a00 Exception <a 'java/lang/NoSuchMethodError'{0x000000078767c378}: 'int java.lang.invoke.DirectMethodHandle$Holder.invokeStaticInit(java.lang.Object, java.lang.Object, java.lang.Object)'> (0x000000078767c378) 
thrown [open/src/hotspot/share/interpreter/linkResolver.cpp, line 766]
Event: 0.783 Thread 0x00007fc4dd813600 Exception <a 'java/lang/NoSuchMethodError'{0x0000000787ceb820}: 'void java.lang.invoke.DirectMethodHandle$Holder.invokeStaticInit(java.lang.Object)'> (0x0000000787ceb820) 
thrown [open/src/hotspot/share/interpreter/linkResolver.cpp, line 766]
Event: 0.788 Thread 0x00007fc4de008a00 Exception <a 'java/lang/NoSuchMethodError'{0x0000000787f6a720}: 'java.lang.Object java.lang.invoke.DirectMethodHandle$Holder.newInvokeSpecial(java.lang.Object, java.lang.Object, java.lang.Object, java.lang.Object, java.lang.Object, java.lang.Object)'> (0x0000000787f6a720) 
thrown [open/src/hotspot/share/interpreter/linkResolver.cpp, line 766]
Event: 0.813 Thread 0x00007fc4de008a00 Exception <a 'java/lang/NoSuchMethodError'{0x0000000787bfb120}: 'java.lang.Object java.lang.invoke.DirectMethodHandle$Holder.newInvokeSpecial(java.lang.Object, java.lang.Object, java.lang.Object, java.lang.Object, java.lang.Object)'> (0x0000000787bfb120) 
thrown [open/src/hotspot/share/interpreter/linkResolver.cpp, line 766]
Event: 0.815 Thread 0x00007fc4de8c3600 Exception <a 'java/lang/NoSuchMethodError'{0x0000000787a04998}: 'void java.lang.invoke.DirectMethodHandle$Holder.invokeStatic(java.lang.Object, java.lang.Object, java.lang.Object, java.lang.Object)'> (0x0000000787a04998) 
thrown [open/src/hotspot/share/interpreter/linkResolver.cpp, line 766]
Event: 0.884 Thread 0x00007fc4dd813600 Exception <a 'sun/nio/fs/UnixException'{0x0000000787623b00}> (0x0000000787623b00) 
thrown [open/src/hotspot/share/prims/jni.cpp, line 516]
Event: 0.959 Thread 0x00007fc4dd813600 Exception <a 'java/lang/NoSuchMethodError'{0x000000078707ca40}: 'java.lang.Object java.lang.invoke.DirectMethodHandle$Holder.invokeStaticInit(java.lang.Object, java.lang.Object, java.lang.Object, java.lang.Object)'> (0x000000078707ca40) 
thrown [open/src/hotspot/share/interpreter/linkResolver.cpp, line 766]
Event: 0.961 Thread 0x00007fc4dd813600 Exception <a 'java/lang/NullPointerException'{0x0000000787088d98}> (0x0000000787088d98) 
thrown [open/src/hotspot/share/interpreter/linkResolver.cpp, line 1357]
Event: 0.994 Thread 0x00007fc4dd813600 Exception <a 'java/lang/NoSuchMethodError'{0x0000000786e50860}: 'java.lang.Object java.lang.invoke.DirectMethodHandle$Holder.invokeSpecial(java.lang.Object, java.lang.Object, java.lang.Object, int, java.lang.Object)'> (0x0000000786e50860) 
thrown [open/src/hotspot/share/interpreter/linkResolver.cpp, line 766]
Event: 1.134 Thread 0x00007fc4dd813600 Exception <a 'java/lang/NoSuchMethodError'{0x000000078687bf88}: 'void java.lang.invoke.DirectMethodHandle$Holder.invokeStaticInit(java.lang.Object, java.lang.Object)'> (0x000000078687bf88) 
thrown [open/src/hotspot/share/interpreter/linkResolver.cpp, line 766]
Event: 1.291 Thread 0x00007fc4dd813600 Exception <a 'java/lang/NoSuchMethodError'{0x0000000787b64808}: 'void java.lang.invoke.DirectMethodHandle$Holder.invokeSpecial(java.lang.Object, java.lang.Object, java.lang.Object, java.lang.Object, java.lang.Object)'> (0x0000000787b64808) 
thrown [open/src/hotspot/share/interpreter/linkResolver.cpp, line 766]
Event: 335.118 Thread 0x00007fc4dd813600 Exception <a 'sun/nio/fs/UnixException'{0x00000007878a4660}> (0x00000007878a4660) 
thrown [open/src/hotspot/share/prims/jni.cpp, line 516]
Event: 335.132 Thread 0x00007fc4dd813600 Implicit null exception at 0x000000011c2e4860 to 0x000000011c2e48f2
Event: 335.147 Thread 0x00007fc4dd813600 Implicit null exception at 0x000000011c2f0f22 to 0x000000011c2f15a4
Event: 335.148 Thread 0x00007fc4dd813600 Implicit null exception at 0x000000011c2eeea2 to 0x000000011c2ef480

VM Operations (20 events):
Event: 47.549 Executing VM operation: ChangeSingleStep
Event: 47.549 Executing VM operation: ChangeSingleStep done
Event: 47.549 Executing VM operation: ChangeSingleStep
Event: 47.549 Executing VM operation: ChangeSingleStep done
Event: 47.682 Executing VM operation: get/set locals
Event: 47.682 Executing VM operation: get/set locals done
Event: 47.757 Executing VM operation: get/set locals
Event: 47.758 Executing VM operation: get/set locals done
Event: 47.758 Executing VM operation: get/set locals
Event: 47.758 Executing VM operation: get/set locals done
Event: 326.099 Executing VM operation: ChangeBreakpoints
Event: 326.099 Executing VM operation: ChangeBreakpoints done
Event: 335.080 Executing VM operation: ChangeBreakpoints
Event: 335.081 Executing VM operation: ChangeBreakpoints done
Event: 335.081 Executing VM operation: ChangeBreakpoints
Event: 335.081 Executing VM operation: ChangeBreakpoints done
Event: 335.081 Executing VM operation: ChangeBreakpoints
Event: 335.082 Executing VM operation: ChangeBreakpoints done
Event: 335.082 Executing VM operation: ChangeBreakpoints
Event: 335.082 Executing VM operation: ChangeBreakpoints done

Events (20 events):
Event: 335.114 loading class jdk/internal/logger/LazyLoggers$1
Event: 335.114 loading class jdk/internal/logger/LazyLoggers$1 done
Event: 335.114 loading class jdk/internal/logger/LazyLoggers$LazyLoggerFactories
Event: 335.114 loading class jdk/internal/logger/LazyLoggers$LazyLoggerFactories done
Event: 335.116 loading class jdk/internal/logger/LoggerFinderLoader
Event: 335.117 loading class jdk/internal/logger/LoggerFinderLoader done
Event: 335.117 loading class java/io/FilePermission$1
Event: 335.117 loading class jdk/internal/access/JavaIOFilePermissionAccess
Event: 335.117 loading class jdk/internal/access/JavaIOFilePermissionAccess done
Event: 335.117 loading class java/io/FilePermission$1 done
Event: 335.128 loading class sun/util/logging/internal/LoggingProviderImpl$JULWrapper
Event: 335.128 loading class sun/util/logging/PlatformLogger$ConfigurableBridge$LoggerConfiguration
Event: 335.128 loading class sun/util/logging/PlatformLogger$ConfigurableBridge$LoggerConfiguration done
Event: 335.128 loading class sun/util/logging/internal/LoggingProviderImpl$JULWrapper done
Event: 335.131 loading class javafx/scene/layout/Region
Event: 335.131 loading class javafx/scene/layout/Region done
Event: 335.136 loading class com/sun/javafx/css/CascadingStyle
Event: 335.136 loading class com/sun/javafx/css/CascadingStyle done
Event: 335.136 loading class com/sun/javafx/css/CascadingStyle
Event: 335.136 loading class com/sun/javafx/css/CascadingStyle done


Dynamic libraries:
0x00007fff2a5ff000 	/usr/lib/libz.1.dylib
0x0000000109233000 	/Users/killianvendewinkele/Library/Java/JavaVirtualMachines/openjdk-17.0.1/Contents/Home/lib/libjli.dylib
0x00007fff35033000 	/System/Library/Frameworks/Cocoa.framework/Versions/A/Cocoa
0x00007fff2237d000 	/System/Library/Frameworks/Security.framework/Versions/A/Security
0x00007fff3323b000 	/System/Library/Frameworks/ApplicationServices.framework/Versions/A/ApplicationServices
0x00007fff2a6c7000 	/usr/lib/libSystem.B.dylib
0x00007fff2a6c1000 	/usr/lib/system/libcache.dylib
0x00007fff2a67d000 	/usr/lib/system/libcommonCrypto.dylib
0x00007fff2a6a7000 	/usr/lib/system/libcompiler_rt.dylib
0x00007fff2a69c000 	/usr/lib/system/libcopyfile.dylib
0x00007fff20276000 	/usr/lib/system/libcorecrypto.dylib
0x00007fff20341000 	/usr/lib/system/libdispatch.dylib
0x00007fff204f4000 	/usr/lib/system/libdyld.dylib
0x00007fff2a6b8000 	/usr/lib/system/libkeymgr.dylib
0x00007fff2dacb000 	/usr/lib/system/liblaunch.dylib
0x00007fff2a65b000 	/usr/lib/system/libmacho.dylib
0x00007fff29e53000 	/usr/lib/system/libquarantine.dylib
0x00007fff2a6b5000 	/usr/lib/system/libremovefile.dylib
0x00007fff24d59000 	/usr/lib/system/libsystem_asl.dylib
0x00007fff20226000 	/usr/lib/system/libsystem_blocks.dylib
0x00007fff203c3000 	/usr/lib/system/libsystem_c.dylib
0x00007fff2a6af000 	/usr/lib/system/libsystem_collections.dylib
0x00007fff29159000 	/usr/lib/system/libsystem_configuration.dylib
0x00007fff28445000 	/usr/lib/system/libsystem_containermanager.dylib
0x00007fff2a3fe000 	/usr/lib/system/libsystem_coreservices.dylib
0x00007fff22935000 	/usr/lib/system/libsystem_darwin.dylib
0x00007fff2a6b9000 	/usr/lib/system/libsystem_dnssd.dylib
0x00007fff203c0000 	/usr/lib/system/libsystem_featureflags.dylib
0x00007fff2053a000 	/usr/lib/system/libsystem_info.dylib
0x00007fff2a612000 	/usr/lib/system/libsystem_m.dylib
0x00007fff20314000 	/usr/lib/system/libsystem_malloc.dylib
0x00007fff24cec000 	/usr/lib/system/libsystem_networkextension.dylib
0x00007fff22d54000 	/usr/lib/system/libsystem_notify.dylib
0x00007fff2ff62000 	/usr/lib/system/libsystem_product_info_filter.dylib
0x00007fff2915d000 	/usr/lib/system/libsystem_sandbox.dylib
0x00007fff2a6b2000 	/usr/lib/system/libsystem_secinit.dylib
0x00007fff204b8000 	/usr/lib/system/libsystem_kernel.dylib
0x00007fff20530000 	/usr/lib/system/libsystem_platform.dylib
0x00007fff204e8000 	/usr/lib/system/libsystem_pthread.dylib
0x00007fff26436000 	/usr/lib/system/libsystem_symptoms.dylib
0x00007fff2025e000 	/usr/lib/system/libsystem_trace.dylib
0x00007fff2a689000 	/usr/lib/system/libunwind.dylib
0x00007fff20228000 	/usr/lib/system/libxpc.dylib
0x00007fff204a2000 	/usr/lib/libc++abi.dylib
0x00007fff20386000 	/usr/lib/libobjc.A.dylib
0x00007fff2a694000 	/usr/lib/liboah.dylib
0x00007fff2044c000 	/usr/lib/libc++.1.dylib
0x00007fff20566000 	/System/Library/Frameworks/CoreFoundation.framework/Versions/A/CoreFoundation
0x00007fff21315000 	/System/Library/Frameworks/Foundation.framework/Versions/C/Foundation
0x00007fff22dae000 	/System/Library/Frameworks/AppKit.framework/Versions/C/AppKit
0x00007fff25c72000 	/System/Library/Frameworks/CoreData.framework/Versions/A/CoreData
0x00007fff23afa000 	/System/Library/PrivateFrameworks/UIFoundation.framework/Versions/A/UIFoundation
0x00007fff2fcf5000 	/System/Library/PrivateFrameworks/RemoteViewServices.framework/Versions/A/RemoteViewServices
0x00007fff28b0b000 	/System/Library/PrivateFrameworks/XCTTargetBootstrap.framework/Versions/A/XCTTargetBootstrap
0x00007fff2b7f1000 	/usr/lib/libspindump.dylib
0x00007fff23d49000 	/System/Library/Frameworks/UniformTypeIdentifiers.framework/Versions/A/UniformTypeIdentifiers
0x00007fff2730f000 	/usr/lib/libapp_launch_measurement.dylib
0x00007fff27312000 	/System/Library/PrivateFrameworks/CoreAutoLayout.framework/Versions/A/CoreAutoLayout
0x00007fff28472000 	/System/Library/Frameworks/Metal.framework/Versions/A/Metal
0x00007fff29168000 	/usr/lib/liblangid.dylib
0x00007fff28b0f000 	/System/Library/PrivateFrameworks/CoreSVG.framework/Versions/A/CoreSVG
0x00007fff24d89000 	/System/Library/PrivateFrameworks/SkyLight.framework/Versions/A/SkyLight
0x00007fff250ef000 	/System/Library/Frameworks/CoreGraphics.framework/Versions/A/CoreGraphics
0x00007fff3021c000 	/System/Library/Frameworks/Accelerate.framework/Versions/A/Accelerate
0x00007fff2b22f000 	/System/Library/PrivateFrameworks/IconServices.framework/Versions/A/IconServices
0x00007fff28456000 	/System/Library/Frameworks/IOSurface.framework/Versions/A/IOSurface
0x00007fff265fa000 	/usr/lib/libDiagnosticMessagesClient.dylib
0x00007fff28af7000 	/System/Library/PrivateFrameworks/DFRFoundation.framework/Versions/A/DFRFoundation
0x00007fff226d5000 	/usr/lib/libicucore.A.dylib
0x00007fff2cd34000 	/System/Library/Frameworks/AudioToolbox.framework/Versions/A/AudioToolbox
0x00007fff2bfbc000 	/System/Library/PrivateFrameworks/DataDetectorsCore.framework/Versions/A/DataDetectorsCore
0x00007fff24cfc000 	/usr/lib/libMobileGestalt.dylib
0x00007fff287fb000 	/System/Library/Frameworks/Carbon.framework/Versions/A/Frameworks/HIToolbox.framework/Versions/A/HIToolbox
0x00007fff26d54000 	/System/Library/Frameworks/QuartzCore.framework/Versions/A/QuartzCore
0x00007fff2fd2d000 	/System/Library/Frameworks/Carbon.framework/Versions/A/Frameworks/SpeechRecognition.framework/Versions/A/SpeechRecognition
0x00007fff27074000 	/System/Library/PrivateFrameworks/CoreUI.framework/Versions/A/CoreUI
0x00007fff21ceb000 	/System/Library/Frameworks/CoreAudio.framework/Versions/A/CoreAudio
0x00007fff266e5000 	/System/Library/Frameworks/DiskArbitration.framework/Versions/A/DiskArbitration
0x00007fff2bbbf000 	/System/Library/PrivateFrameworks/MultitouchSupport.framework/Versions/A/MultitouchSupport
0x00007fff2bfb3000 	/System/Library/PrivateFrameworks/InternationalSupport.framework/Versions/A/InternationalSupport
0x00007fff24cfb000 	/usr/lib/libenergytrace.dylib
0x00007fff22ca5000 	/System/Library/Frameworks/IOKit.framework/Versions/A/IOKit
0x00007fff30060000 	/System/Library/Frameworks/CoreServices.framework/Versions/A/CoreServices
0x00007fff272a1000 	/System/Library/PrivateFrameworks/PerformanceAnalysis.framework/Versions/A/PerformanceAnalysis
0x00007fff6bbcd000 	/System/Library/Frameworks/OpenGL.framework/Versions/A/OpenGL
0x00007fff2c037000 	/System/Library/PrivateFrameworks/UserActivity.framework/Versions/A/UserActivity
0x00007fff25779000 	/System/Library/Frameworks/ColorSync.framework/Versions/A/ColorSync
0x00007fff28d76000 	/System/Library/Frameworks/CoreImage.framework/Versions/A/CoreImage
0x00007fff21b05000 	/System/Library/Frameworks/CoreText.framework/Versions/A/CoreText
0x00007fff28b39000 	/System/Library/Frameworks/ImageIO.framework/Versions/A/ImageIO
0x00007fff2a6cd000 	/System/Library/PrivateFrameworks/SoftLinking.framework/Versions/A/SoftLinking
0x00007fff2735a000 	/usr/lib/libxml2.2.dylib
0x00007fff2a93e000 	/usr/lib/libcompression.dylib
0x00007fff2bee5000 	/System/Library/PrivateFrameworks/TextureIO.framework/Versions/A/TextureIO
0x00007fff2af6d000 	/usr/lib/libate.dylib
0x00007fff2ad52000 	/usr/lib/liblzma.5.dylib
0x00007fff21029000 	/System/Library/Frameworks/SystemConfiguration.framework/Versions/A/SystemConfiguration
0x00007fff2a6c9000 	/usr/lib/libfakelink.dylib
0x00007fff2484d000 	/System/Library/Frameworks/CFNetwork.framework/Versions/A/CFNetwork
0x00007fff2a809000 	/usr/lib/libarchive.2.dylib
0x00007fff210a7000 	/usr/lib/libCRFSuite.dylib
0x00007fff29e7a000 	/usr/lib/libbsm.0.dylib
0x00007fff241c6000 	/usr/lib/libnetwork.dylib
0x00007fff2a6ce000 	/usr/lib/libpcap.A.dylib
0x00007fff2642f000 	/usr/lib/libdns_services.dylib
0x00007fff2ad6b000 	/usr/lib/libcoretls_cfhelpers.dylib
0x00007fff2a908000 	/usr/lib/libapple_nghttp2.dylib
0x00007fff2a661000 	/usr/lib/system/libkxld.dylib
0x00007fff260a8000 	/usr/lib/libsqlite3.dylib
0x00007fff2a3e1000 	/System/Library/PrivateFrameworks/AppleFSCompression.framework/Versions/A/AppleFSCompression
0x00007fff29e62000 	/usr/lib/libcoretls.dylib
0x00007fff2a939000 	/usr/lib/libpam.2.dylib
0x00007fff2ae69000 	/usr/lib/libxar.1.dylib
0x00007fff29164000 	/System/Library/PrivateFrameworks/AppleSystemInfo.framework/Versions/A/AppleSystemInfo
0x00007fff29aa4000 	/System/Library/PrivateFrameworks/IOMobileFramebuffer.framework/Versions/A/IOMobileFramebuffer
0x00007fff2a3f1000 	/usr/lib/libbz2.1.0.dylib
0x00007fff2a706000 	/usr/lib/libiconv.2.dylib
0x00007fff2a65a000 	/usr/lib/libcharset.1.dylib
0x00007fff272dd000 	/System/Library/Frameworks/CoreServices.framework/Versions/A/Frameworks/FSEvents.framework/Versions/A/FSEvents
0x00007fff2293f000 	/System/Library/Frameworks/CoreServices.framework/Versions/A/Frameworks/CarbonCore.framework/Versions/A/CarbonCore
0x00007fff2664a000 	/System/Library/Frameworks/CoreServices.framework/Versions/A/Frameworks/Metadata.framework/Versions/A/Metadata
0x00007fff2a403000 	/System/Library/Frameworks/CoreServices.framework/Versions/A/Frameworks/OSServices.framework/Versions/A/OSServices
0x00007fff2a87b000 	/System/Library/Frameworks/CoreServices.framework/Versions/A/Frameworks/SearchKit.framework/Versions/A/SearchKit
0x00007fff263ba000 	/System/Library/Frameworks/CoreServices.framework/Versions/A/Frameworks/AE.framework/Versions/A/AE
0x00007fff20a04000 	/System/Library/Frameworks/CoreServices.framework/Versions/A/Frameworks/LaunchServices.framework/Versions/A/LaunchServices
0x00007fff2ad02000 	/System/Library/Frameworks/CoreServices.framework/Versions/A/Frameworks/DictionaryServices.framework/Versions/A/DictionaryServices
0x00007fff272ea000 	/System/Library/Frameworks/CoreServices.framework/Versions/A/Frameworks/SharedFileList.framework/Versions/A/SharedFileList
0x00007fff29e56000 	/usr/lib/libCheckFix.dylib
0x00007fff24d70000 	/System/Library/PrivateFrameworks/TCC.framework/Versions/A/TCC
0x00007fff2916a000 	/System/Library/PrivateFrameworks/CoreNLP.framework/Versions/A/CoreNLP
0x00007fff265fd000 	/System/Library/PrivateFrameworks/MetadataUtilities.framework/Versions/A/MetadataUtilities
0x00007fff210dc000 	/usr/lib/libmecabra.dylib
0x00007fff2a160000 	/System/Library/Frameworks/MLCompute.framework/Versions/A/MLCompute
0x00007fff29e8b000 	/usr/lib/libmecab.dylib
0x00007fff29ed5000 	/usr/lib/libgermantok.dylib
0x00007fff2a8e3000 	/usr/lib/libThaiTokenizer.dylib
0x00007fff2aea4000 	/usr/lib/libChineseTokenizer.dylib
0x00007fff2a937000 	/System/Library/Frameworks/MetalPerformanceShaders.framework/Versions/A/MetalPerformanceShaders
0x00007fff266ec000 	/System/Library/Frameworks/Accelerate.framework/Versions/A/Frameworks/vImage.framework/Versions/A/vImage
0x00007fff3003a000 	/System/Library/Frameworks/Accelerate.framework/Versions/A/Frameworks/vecLib.framework/Versions/A/vecLib
0x00007fff2aeaf000 	/System/Library/Frameworks/Accelerate.framework/Versions/A/Frameworks/vecLib.framework/Versions/A/libvMisc.dylib
0x00007fff298bf000 	/System/Library/Frameworks/Accelerate.framework/Versions/A/Frameworks/vecLib.framework/Versions/A/libvDSP.dylib
0x00007fff20d0f000 	/System/Library/Frameworks/Accelerate.framework/Versions/A/Frameworks/vecLib.framework/Versions/A/libBLAS.dylib
0x00007fff2a964000 	/System/Library/Frameworks/Accelerate.framework/Versions/A/Frameworks/vecLib.framework/Versions/A/libLAPACK.dylib
0x00007fff29edb000 	/System/Library/Frameworks/Accelerate.framework/Versions/A/Frameworks/vecLib.framework/Versions/A/libLinearAlgebra.dylib
0x00007fff2a920000 	/System/Library/Frameworks/Accelerate.framework/Versions/A/Frameworks/vecLib.framework/Versions/A/libSparseBLAS.dylib
0x00007fff2a95e000 	/System/Library/Frameworks/Accelerate.framework/Versions/A/Frameworks/vecLib.framework/Versions/A/libQuadrature.dylib
0x00007fff29216000 	/System/Library/Frameworks/Accelerate.framework/Versions/A/Frameworks/vecLib.framework/Versions/A/libBNNS.dylib
0x00007fff20fba000 	/System/Library/Frameworks/Accelerate.framework/Versions/A/Frameworks/vecLib.framework/Versions/A/libSparse.dylib
0x00007fff290f2000 	/System/Library/Frameworks/MetalPerformanceShaders.framework/Versions/A/Frameworks/MPSCore.framework/Versions/A/MPSCore
0x00007fff2a350000 	/System/Library/Frameworks/MetalPerformanceShaders.framework/Versions/A/Frameworks/MPSImage.framework/Versions/A/MPSImage
0x00007fff29ef1000 	/System/Library/Frameworks/MetalPerformanceShaders.framework/Versions/A/Frameworks/MPSNeuralNetwork.framework/Versions/A/MPSNeuralNetwork
0x00007fff2a2c2000 	/System/Library/Frameworks/MetalPerformanceShaders.framework/Versions/A/Frameworks/MPSMatrix.framework/Versions/A/MPSMatrix
0x00007fff2a110000 	/System/Library/Frameworks/MetalPerformanceShaders.framework/Versions/A/Frameworks/MPSRayIntersector.framework/Versions/A/MPSRayIntersector
0x00007fff2a2f9000 	/System/Library/Frameworks/MetalPerformanceShaders.framework/Versions/A/Frameworks/MPSNDArray.framework/Versions/A/MPSNDArray
0x00007fff20c3a000 	/System/Library/PrivateFrameworks/MetalTools.framework/Versions/A/MetalTools
0x00007fff29162000 	/System/Library/PrivateFrameworks/AggregateDictionary.framework/Versions/A/AggregateDictionary
0x00007fff265ca000 	/System/Library/PrivateFrameworks/CoreAnalytics.framework/Versions/A/CoreAnalytics
0x00007fff2a8e5000 	/System/Library/PrivateFrameworks/AppleSauce.framework/Versions/A/AppleSauce
0x00007fff28468000 	/System/Library/PrivateFrameworks/IOAccelerator.framework/Versions/A/IOAccelerator
0x00007fff6bbc1000 	/System/Library/Frameworks/OpenGL.framework/Versions/A/Libraries/libCoreFSCache.dylib
0x00007fff21674000 	/System/Library/PrivateFrameworks/LanguageModeling.framework/Versions/A/LanguageModeling
0x00007fff29a92000 	/System/Library/PrivateFrameworks/CoreEmoji.framework/Versions/A/CoreEmoji
0x00007fff2920f000 	/System/Library/PrivateFrameworks/LinguisticData.framework/Versions/A/LinguisticData
0x00007fff20f6c000 	/System/Library/PrivateFrameworks/Lexicon.framework/Versions/A/Lexicon
0x00007fff2a7f7000 	/usr/lib/libcmph.dylib
0x00007fff272bd000 	/System/Library/Frameworks/OpenDirectory.framework/Versions/A/Frameworks/CFOpenDirectory.framework/Versions/A/CFOpenDirectory
0x00007fff272ad000 	/System/Library/Frameworks/OpenDirectory.framework/Versions/A/OpenDirectory
0x00007fff2ad6d000 	/System/Library/PrivateFrameworks/APFS.framework/Versions/A/APFS
0x00007fff29db8000 	/System/Library/Frameworks/SecurityFoundation.framework/Versions/A/SecurityFoundation
0x00007fff2ae77000 	/usr/lib/libutil.dylib
0x00007fff22c6a000 	/System/Library/PrivateFrameworks/CoreServicesStore.framework/Versions/A/CoreServicesStore
0x00007fff29e4e000 	/System/Library/Frameworks/ServiceManagement.framework/Versions/A/ServiceManagement
0x00007fff2ae7b000 	/usr/lib/libxslt.1.dylib
0x00007fff29e44000 	/System/Library/PrivateFrameworks/BackgroundTaskManagement.framework/Versions/A/BackgroundTaskManagement
0x00007fff2be2f000 	/System/Library/Frameworks/ImageIO.framework/Versions/A/Resources/libRadiance.dylib
0x00007fff2be39000 	/System/Library/Frameworks/ImageIO.framework/Versions/A/Resources/libJPEG.dylib
0x00007fff2bd89000 	/System/Library/Frameworks/ImageIO.framework/Versions/A/Resources/libPng.dylib
0x00007fff2bdaa000 	/System/Library/Frameworks/ImageIO.framework/Versions/A/Resources/libTIFF.dylib
0x00007fff2be8e000 	/System/Library/Frameworks/ImageIO.framework/Versions/A/Resources/libGIF.dylib
0x00007fff2badb000 	/System/Library/Frameworks/ImageIO.framework/Versions/A/Resources/libJP2.dylib
0x00007fff2b1f6000 	/usr/lib/libexpat.1.dylib
0x00007fff2ba91000 	/System/Library/PrivateFrameworks/AppleJPEG.framework/Versions/A/AppleJPEG
0x00007fff2869e000 	/System/Library/PrivateFrameworks/FontServices.framework/libFontParser.dylib
0x00007fff26371000 	/System/Library/PrivateFrameworks/RunningBoardServices.framework/Versions/A/RunningBoardServices
0x00007fff2bbbb000 	/System/Library/PrivateFrameworks/WatchdogClient.framework/Versions/A/WatchdogClient
0x00007fff2175d000 	/System/Library/Frameworks/CoreDisplay.framework/Versions/A/CoreDisplay
0x00007fff285b3000 	/System/Library/Frameworks/CoreMedia.framework/Versions/A/CoreMedia
0x00007fff2743d000 	/System/Library/Frameworks/CoreVideo.framework/Versions/A/CoreVideo
0x00007fff2bbf6000 	/System/Library/Frameworks/VideoToolbox.framework/Versions/A/VideoToolbox
0x00007fff262f1000 	/System/Library/PrivateFrameworks/BaseBoard.framework/Versions/A/BaseBoard
0x00007fff2b33b000 	/System/Library/PrivateFrameworks/PersistentConnection.framework/Versions/A/PersistentConnection
0x00007fff26092000 	/System/Library/PrivateFrameworks/ProtocolBuffer.framework/Versions/A/ProtocolBuffer
0x00007fff262d9000 	/System/Library/PrivateFrameworks/CommonUtilities.framework/Versions/A/CommonUtilities
0x00007fff2ba54000 	/System/Library/PrivateFrameworks/Bom.framework/Versions/A/Bom
0x00007fff2be27000 	/System/Library/PrivateFrameworks/GPUWrangler.framework/Versions/A/GPUWrangler
0x00007fff2be0a000 	/System/Library/PrivateFrameworks/IOPresentment.framework/Versions/A/IOPresentment
0x00007fff2be33000 	/System/Library/PrivateFrameworks/DSExternalDisplay.framework/Versions/A/DSExternalDisplay
0x00007fff2be93000 	/System/Library/PrivateFrameworks/CMCaptureCore.framework/Versions/A/CMCaptureCore
0x00007fff2b7d7000 	/System/Library/PrivateFrameworks/AppServerSupport.framework/Versions/A/AppServerSupport
0x00007fff2d86e000 	/System/Library/PrivateFrameworks/perfdata.framework/Versions/A/perfdata
0x00007fff29da7000 	/System/Library/PrivateFrameworks/AssertionServices.framework/Versions/A/AssertionServices
0x00007fff21894000 	/System/Library/PrivateFrameworks/AudioToolboxCore.framework/Versions/A/AudioToolboxCore
0x00007fff28596000 	/System/Library/PrivateFrameworks/caulk.framework/Versions/A/caulk
0x00007fff3cd1a000 	/System/Library/PrivateFrameworks/SystemPolicy.framework/Versions/A/SystemPolicy
0x00007fff2b005000 	/usr/lib/libIOReport.dylib
0x00007fff2d0aa000 	/usr/lib/libSMC.dylib
0x00007fff2bd55000 	/usr/lib/libAudioToolboxUtility.dylib
0x00007fff3d677000 	/usr/lib/libmis.dylib
0x00007fff6bc1d000 	/System/Library/Frameworks/OpenGL.framework/Versions/A/Libraries/libGLU.dylib
0x00007fff6bbe0000 	/System/Library/Frameworks/OpenGL.framework/Versions/A/Libraries/libGFXShared.dylib
0x00007fff6bdee000 	/System/Library/Frameworks/OpenGL.framework/Versions/A/Libraries/libGL.dylib
0x00007fff6bbe9000 	/System/Library/Frameworks/OpenGL.framework/Versions/A/Libraries/libGLImage.dylib
0x00007fff6bbdd000 	/System/Library/Frameworks/OpenGL.framework/Versions/A/Libraries/libCVMSPluginSupport.dylib
0x00007fff6bbc8000 	/System/Library/Frameworks/OpenGL.framework/Versions/A/Libraries/libCoreVMClient.dylib
0x00007fff6d238000 	/System/Library/Frameworks/OpenCL.framework/Versions/A/OpenCL
0x00007fff2b364000 	/System/Library/PrivateFrameworks/GraphVisualizer.framework/Versions/A/GraphVisualizer
0x00007fff2b373000 	/System/Library/PrivateFrameworks/FaceCore.framework/Versions/A/FaceCore
0x00007fff2b78f000 	/System/Library/PrivateFrameworks/OTSVG.framework/Versions/A/OTSVG
0x00007fff27032000 	/System/Library/Frameworks/ApplicationServices.framework/Versions/A/Frameworks/ATS.framework/Versions/A/Resources/libFontRegistry.dylib
0x00007fff2b7de000 	/System/Library/PrivateFrameworks/FontServices.framework/libhvf.dylib
0x00007fff2b1a2000 	/System/Library/PrivateFrameworks/AppleVA.framework/Versions/A/AppleVA
0x00007fff2cef2000 	/System/Library/Frameworks/ApplicationServices.framework/Versions/A/Frameworks/ATS.framework/Versions/A/ATS
0x00007fff2d205000 	/System/Library/Frameworks/ApplicationServices.framework/Versions/A/Frameworks/ColorSyncLegacy.framework/Versions/A/ColorSyncLegacy
0x00007fff25870000 	/System/Library/Frameworks/ApplicationServices.framework/Versions/A/Frameworks/HIServices.framework/Versions/A/HIServices
0x00007fff2d1ea000 	/System/Library/Frameworks/ApplicationServices.framework/Versions/A/Frameworks/LangAnalysis.framework/Versions/A/LangAnalysis
0x00007fff2be9d000 	/System/Library/Frameworks/ApplicationServices.framework/Versions/A/Frameworks/PrintCore.framework/Versions/A/PrintCore
0x00007fff2d20d000 	/System/Library/Frameworks/ApplicationServices.framework/Versions/A/Frameworks/QD.framework/Versions/A/QD
0x00007fff2cee2000 	/System/Library/Frameworks/ApplicationServices.framework/Versions/A/Frameworks/SpeechSynthesis.framework/Versions/A/SpeechSynthesis
0x00007fff2be5e000 	/System/Library/Frameworks/ApplicationServices.framework/Versions/A/Frameworks/ATSUI.framework/Versions/A/ATSUI
0x00007fff2d18a000 	/usr/lib/libcups.2.dylib
0x00007fff2d1fa000 	/System/Library/PrivateFrameworks/NetAuth.framework/Versions/A/NetAuth
0x00007fff2d889000 	/System/Library/Frameworks/Kerberos.framework/Versions/A/Kerberos
0x00007fff2d899000 	/System/Library/Frameworks/GSS.framework/Versions/A/GSS
0x00007fff2cf5f000 	/usr/lib/libresolv.9.dylib
0x00007fff2b7f4000 	/System/Library/PrivateFrameworks/Heimdal.framework/Versions/A/Heimdal
0x00007fff33550000 	/System/Library/Frameworks/Kerberos.framework/Versions/A/Libraries/libHeimdalProxy.dylib
0x00007fff2643e000 	/System/Library/Frameworks/Network.framework/Versions/A/Network
0x00007fff2b210000 	/usr/lib/libheimdal-asn1.dylib
0x00007fff2d8ea000 	/System/Library/PrivateFrameworks/CommonAuth.framework/Versions/A/CommonAuth
0x00007fff2748b000 	/System/Library/PrivateFrameworks/login.framework/Versions/A/Frameworks/loginsupport.framework/Versions/A/loginsupport
0x00007fff2ce69000 	/System/Library/PrivateFrameworks/AudioSession.framework/Versions/A/AudioSession
0x00007fff2cecf000 	/usr/lib/libAudioStatistics.dylib
0x00007fff2b29c000 	/System/Library/PrivateFrameworks/MediaExperience.framework/Versions/A/MediaExperience
0x00007fff2cd02000 	/System/Library/PrivateFrameworks/AudioSession.framework/libSessionUtility.dylib
0x00007fff2d87a000 	/usr/lib/libperfcheck.dylib
0x00007fff2d219000 	/System/Library/PrivateFrameworks/AudioResourceArbitration.framework/Versions/A/AudioResourceArbitration
0x00007fff2b21a000 	/System/Library/PrivateFrameworks/IconFoundation.framework/Versions/A/IconFoundation
0x00007fff2fd1d000 	/System/Library/PrivateFrameworks/SpeechRecognitionCore.framework/Versions/A/SpeechRecognitionCore
0x000000010b800000 	/Users/killianvendewinkele/Library/Java/JavaVirtualMachines/openjdk-17.0.1/Contents/Home/lib/server/libjvm.dylib
0x000000010925e000 	/Users/killianvendewinkele/Library/Java/JavaVirtualMachines/openjdk-17.0.1/Contents/Home/lib/libjimage.dylib
0x0000000109270000 	/Users/killianvendewinkele/Library/Java/JavaVirtualMachines/openjdk-17.0.1/Contents/Home/lib/libjdwp.dylib
0x00000001092b4000 	/Users/killianvendewinkele/Library/Java/JavaVirtualMachines/openjdk-17.0.1/Contents/Home/lib/libjava.dylib
0x00000001092e4000 	/Users/killianvendewinkele/Library/Java/JavaVirtualMachines/openjdk-17.0.1/Contents/Home/lib/libinstrument.dylib
0x0000000109577000 	/Users/killianvendewinkele/Library/Java/JavaVirtualMachines/openjdk-17.0.1/Contents/Home/lib/libnio.dylib
0x0000000109593000 	/Users/killianvendewinkele/Library/Java/JavaVirtualMachines/openjdk-17.0.1/Contents/Home/lib/libnet.dylib
0x00000001095b3000 	/Users/killianvendewinkele/Library/Java/JavaVirtualMachines/openjdk-17.0.1/Contents/Home/lib/libzip.dylib
0x00000001095c7000 	/Users/killianvendewinkele/Library/Java/JavaVirtualMachines/openjdk-17.0.1/Contents/Home/lib/libdt_socket.dylib
0x00000001095d6000 	/Users/killianvendewinkele/Library/Java/JavaVirtualMachines/openjdk-17.0.1/Contents/Home/lib/libverify.dylib
0x00000001095ee000 	/Users/killianvendewinkele/.openjfx/cache/17.0.0.1/libprism_es2.dylib
0x00007fff22c2b000 	/System/Library/PrivateFrameworks/CoreServicesInternal.framework/Versions/A/CoreServicesInternal
0x00007fff6bdf9000 	/System/Library/Frameworks/OpenGL.framework/Versions/A/Resources/GLEngine.bundle/GLEngine
0x00007fff6bc5a000 	/System/Library/Frameworks/OpenGL.framework/Versions/A/Libraries/libGLProgrammability.dylib
0x00007fff5efdd000 	/System/Library/Extensions/AppleIntelKBLGraphicsGLDriver.bundle/Contents/MacOS/AppleIntelKBLGraphicsGLDriver
0x00007fff46431000 	/System/Library/PrivateFrameworks/GPUSupport.framework/Versions/A/Libraries/libGPUSupportMercury.dylib
0x00007fff6bf77000 	/System/Library/Frameworks/OpenGL.framework/Versions/A/Resources/GLRendererFloat.bundle/GLRendererFloat
0x0000000114641000 	/Users/killianvendewinkele/.openjfx/cache/17.0.0.1/libglass.dylib
0x00007fff310a4000 	/System/Library/Frameworks/FileProvider.framework/Versions/A/FileProvider
0x00007fff2625c000 	/System/Library/Frameworks/Accounts.framework/Versions/A/Accounts
0x00007fff311f4000 	/System/Library/PrivateFrameworks/GenerationalStorage.framework/Versions/A/GenerationalStorage
0x00007fff31b8e000 	/System/Library/PrivateFrameworks/CoreSymbolication.framework/Versions/A/CoreSymbolication
0x00007fff30ac4000 	/System/Library/PrivateFrameworks/SymptomDiagnosticReporter.framework/Versions/A/SymptomDiagnosticReporter
0x00007fff23d5c000 	/System/Library/PrivateFrameworks/DesktopServicesPriv.framework/Versions/A/DesktopServicesPriv
0x00007fff22d60000 	/usr/lib/libsandbox.1.dylib
0x00007fff274b6000 	/System/Library/PrivateFrameworks/UserManagement.framework/Versions/A/UserManagement
0x00007fff29d84000 	/System/Library/PrivateFrameworks/MobileKeyBag.framework/Versions/A/MobileKeyBag
0x00007fff345d3000 	/System/Library/PrivateFrameworks/ChunkingLibrary.framework/Versions/A/ChunkingLibrary
0x00007fff31b52000 	/System/Library/PrivateFrameworks/DebugSymbols.framework/Versions/A/DebugSymbols
0x00007fff2e2ad000 	/System/Library/PrivateFrameworks/Sharing.framework/Versions/A/Sharing
0x00007fff32b52000 	/System/Library/PrivateFrameworks/Apple80211.framework/Versions/A/Apple80211
0x00007fff2a431000 	/System/Library/PrivateFrameworks/AuthKit.framework/Versions/A/AuthKit
0x00007fff29b82000 	/System/Library/PrivateFrameworks/CoreUtils.framework/Versions/A/CoreUtils
0x00007fff29aaf000 	/System/Library/Frameworks/CoreWLAN.framework/Versions/A/CoreWLAN
0x00007fff2e3f9000 	/System/Library/Frameworks/IOBluetooth.framework/Versions/A/IOBluetooth
0x00007fff32bb6000 	/System/Library/PrivateFrameworks/CoreWiFi.framework/Versions/A/CoreWiFi
0x00007fff2d970000 	/System/Library/PrivateFrameworks/CorePhoneNumbers.framework/Versions/A/CorePhoneNumbers
0x00007fff30bcb000 	/System/Library/PrivateFrameworks/DiskManagement.framework/Versions/A/DiskManagement
0x00007fff30ae1000 	/System/Library/PrivateFrameworks/AppleIDAuthSupport.framework/Versions/A/AppleIDAuthSupport
0x00007fff2d950000 	/System/Library/PrivateFrameworks/KeychainCircle.framework/Versions/A/KeychainCircle
0x00007fff30b97000 	/System/Library/PrivateFrameworks/MediaKit.framework/Versions/A/MediaKit
0x00007fff30aee000 	/System/Library/Frameworks/DiscRecording.framework/Versions/A/DiscRecording
0x00007fff2b116000 	/usr/lib/libCoreStorage.dylib
0x00007fff32ff1000 	/usr/lib/libcsfde.dylib
0x00007fff2e534000 	/System/Library/PrivateFrameworks/ProtectedCloudStorage.framework/Versions/A/ProtectedCloudStorage
0x00007fff32fe9000 	/System/Library/PrivateFrameworks/EFILogin.framework/Versions/A/EFILogin
0x00007fff33603000 	/System/Library/Frameworks/AudioUnit.framework/Versions/A/AudioUnit
0x00007fff30a5e000 	/System/Library/Frameworks/CoreBluetooth.framework/Versions/A/CoreBluetooth
0x00007fff2b10e000 	/usr/lib/libMatch.1.dylib
0x00000001146a9000 	/usr/lib/libobjc-trampolines.dylib
0x00007fff4133e000 	/System/Library/Frameworks/Accelerate.framework/Versions/A/Frameworks/vImage.framework/Versions/A/Libraries/libCGInterfaces.dylib
0x00007fff271b5000 	/System/Library/PrivateFrameworks/ViewBridge.framework/Versions/A/ViewBridge
0x00007fff77a6c000 	/usr/lib/libRosetta.dylib
0x000000013186f000 	/Users/killianvendewinkele/.openjfx/cache/17.0.0.1/libjavafx_font.dylib


VM Arguments:
jvm_args: -agentlib:jdwp=transport=dt_socket,address=127.0.0.1:56855,suspend=y,server=n -javaagent:/Users/killianvendewinkele/Library/Caches/JetBrains/IntelliJIdea2021.2/captureAgent/debugger-agent.jar -Dfile.encoding=UTF-8 --module-path=/Users/killianvendewinkele/.m2/repository/com/dlsc/formsfx/formsfx-core/11.3.2/formsfx-core-11.3.2.jar:/Users/killianvendewinkele/.m2/repository/org/openjfx/javafx-base/17.0.0.1/javafx-base-17.0.0.1-mac.jar:/Users/killianvendewinkele/.m2/repository/org/openjfx/javafx-graphics/17.0.0.1/javafx-graphics-17.0.0.1-mac.jar:/Users/killianvendewinkele/.m2/repository/org/openjfx/javafx-fxml/17.0.0.1/javafx-fxml-17.0.0.1-mac.jar:/Users/killianvendewinkele/Desktop/Pro/target/classes:/Users/killianvendewinkele/.m2/repository/org/controlsfx/controlsfx/11.1.0/controlsfx-11.1.0.jar:/Users/killianvendewinkele/.m2/repository/org/openjfx/javafx-controls/17.0.0.1/javafx-controls-17.0.0.1-mac.jar -Djdk.module.main=com.example.pro 
java_command: com.example.pro/com.example.pro.HelloApplication
java_class_path (initial): /Users/killianvendewinkele/.m2/repository/org/openjfx/javafx-controls/17.0.0.1/javafx-controls-17.0.0.1.jar:/Users/killianvendewinkele/.m2/repository/org/openjfx/javafx-graphics/17.0.0.1/javafx-graphics-17.0.0.1.jar:/Users/killianvendewinkele/.m2/repository/org/openjfx/javafx-base/17.0.0.1/javafx-base-17.0.0.1.jar:/Users/killianvendewinkele/.m2/repository/org/openjfx/javafx-fxml/17.0.0.1/javafx-fxml-17.0.0.1.jar:/private/var/folders/pp/2zhtybwx37z_5b74kp6ppps40000gp/T/AppTranslocation/887D4EF7-25C9-4FF4-92CB-6CB4DB4CE919/d/IntelliJ IDEA.app/Contents/lib/idea_rt.jar
Launcher Type: SUN_STANDARD

[Global flags]
     intx CICompilerCount                          = 3                                         {product} {ergonomic}
     uint ConcGCThreads                            = 1                                         {product} {ergonomic}
     uint G1ConcRefinementThreads                  = 4                                         {product} {ergonomic}
   size_t G1HeapRegionSize                         = 1048576                                   {product} {ergonomic}
    uintx GCDrainStackTargetSize                   = 64                                        {product} {ergonomic}
   size_t InitialHeapSize                          = 134217728                                 {product} {ergonomic}
   size_t MarkStackSize                            = 4194304                                   {product} {ergonomic}
   size_t MaxHeapSize                              = 2147483648                                {product} {ergonomic}
   size_t MaxNewSize                               = 1287651328                                {product} {ergonomic}
   size_t MinHeapDeltaBytes                        = 1048576                                   {product} {ergonomic}
   size_t MinHeapSize                              = 8388608                                   {product} {ergonomic}
    uintx NonNMethodCodeHeapSize                   = 5832780                                {pd product} {ergonomic}
    uintx NonProfiledCodeHeapSize                  = 122912730                              {pd product} {ergonomic}
    uintx ProfiledCodeHeapSize                     = 122912730                              {pd product} {ergonomic}
    uintx ReservedCodeCacheSize                    = 251658240                              {pd product} {ergonomic}
     bool SegmentedCodeCache                       = true                                      {product} {ergonomic}
   size_t SoftMaxHeapSize                          = 2147483648                             {manageable} {ergonomic}
     bool UseCompressedClassPointers               = true                           {product lp64_product} {ergonomic}
     bool UseCompressedOops                        = true                           {product lp64_product} {ergonomic}
     bool UseG1GC                                  = true                                      {product} {ergonomic}
     bool UseNUMA                                  = false                                     {product} {ergonomic}
     bool UseNUMAInterleaving                      = false                                     {product} {ergonomic}

Logging:
Log output configuration:
 #0: stdout all=warning uptime,level,tags
 #1: stderr all=off uptime,level,tags

Environment Variables:
PATH=/usr/local/bin:/usr/bin:/bin:/usr/sbin:/sbin
SHELL=/bin/bash
LC_CTYPE=fr_FR.UTF-8

Signal Handlers:
   SIGSEGV: crash_handler in libjvm.dylib, mask=11100110000111110111111111111111, flags=SA_RESTART|SA_SIGINFO
    SIGBUS: crash_handler in libjvm.dylib, mask=11100110000111110111111111111111, flags=SA_RESTART|SA_SIGINFO
    SIGFPE: crash_handler in libjvm.dylib, mask=11100110000111110111111111111111, flags=SA_RESTART|SA_SIGINFO
   SIGPIPE: javaSignalHandler in libjvm.dylib, mask=11100110000111110111111111111111, flags=SA_RESTART|SA_SIGINFO
   SIGXFSZ: javaSignalHandler in libjvm.dylib, mask=11100110000111110111111111111111, flags=SA_RESTART|SA_SIGINFO
    SIGILL: crash_handler in libjvm.dylib, mask=11100110000111110111111111111111, flags=SA_RESTART|SA_SIGINFO
   SIGUSR2: SR_handler in libjvm.dylib, mask=00100000000000000000000000000000, flags=SA_RESTART|SA_SIGINFO
    SIGHUP: UserHandler in libjvm.dylib, mask=11100110000111110111111111111111, flags=SA_RESTART|SA_SIGINFO
    SIGINT: UserHandler in libjvm.dylib, mask=11100110000111110111111111111111, flags=SA_RESTART|SA_SIGINFO
   SIGTERM: UserHandler in libjvm.dylib, mask=11100110000111110111111111111111, flags=SA_RESTART|SA_SIGINFO
   SIGQUIT: UserHandler in libjvm.dylib, mask=11100110000111110111111111111111, flags=SA_RESTART|SA_SIGINFO
   SIGTRAP: crash_handler in libjvm.dylib, mask=11100110000111110111111111111111, flags=SA_RESTART|SA_SIGINFO


---------------  S Y S T E M  ---------------

OS:
uname: Darwin 20.6.0 Darwin Kernel Version 20.6.0: Mon Aug 30 06:12:21 PDT 2021; root:xnu-7195.141.6~3/RELEASE_X86_64 x86_64
OS uptime: 28 days 5:47 hours
rlimit (soft/hard): STACK 8192k/65532k , CORE 0k/infinity , NPROC 1392/2088 , NOFILE 10240/infinity , AS infinity/infinity , CPU infinity/infinity , DATA infinity/infinity , FSIZE infinity/infinity , MEMLOCK infinity/infinity , RSS infinity/infinity
load average: 2.46 3.29 3.17

CPU: total 4 (initial active 4) (2 cores per cpu, 2 threads per core) family 6 model 142 stepping 9 microcode 0xea, cx8, cmov, fxsr, ht, mmx, 3dnowpref, sse, sse2, sse3, ssse3, sse4.1, sse4.2, popcnt, lzcnt, tsc, tscinvbit, avx, avx2, aes, erms, clmul, bmi1, bmi2, rtm, adx, fma, vzeroupper, clflush, clflushopt

Memory: 4k page, physical 8388608k(149672k free), swap 2097152k(995584k free)

vm_info: OpenJDK 64-Bit Server VM (17.0.1+12-39) for bsd-amd64 JRE (17.0.1+12-39), built on Sep 27 2021 17:37:19 by "mach5one" with clang Apple LLVM 12.0.0 (clang-1200.0.32.29)

END.
